2018-05-29 18:05:56 5508 [Note] Plugin 'FEDERATED' is disabled.
2018-05-29 18:05:56 5508 [Note] InnoDB: The InnoDB memory heap is disabled
2018-05-29 18:05:56 5508 [Note] InnoDB: Mutexes and rw_locks use Windows interlocked functions
2018-05-29 18:05:56 5508 [Note] InnoDB: Compressed tables use zlib 1.2.3
2018-05-29 18:05:56 5508 [Note] InnoDB: Not using CPU crc32 instructions
2018-05-29 18:05:56 5508 [Note] InnoDB: Initializing buffer pool, size = 128.0M
2018-05-29 18:05:56 5508 [Note] InnoDB: Completed initialization of buffer pool
2018-05-29 18:05:56 5508 [Note] InnoDB: Setting log file C:\Users\l_dsb\Downloads\USBWebserver v8.6\mysql\data\ib_logfile101 size to 5 MB
2018-05-29 18:05:56 5508 [Note] InnoDB: Setting log file C:\Users\l_dsb\Downloads\USBWebserver v8.6\mysql\data\ib_logfile1 size to 5 MB
2018-05-29 18:05:57 5508 [Note] InnoDB: Renaming log file C:\Users\l_dsb\Downloads\USBWebserver v8.6\mysql\data\ib_logfile101 to C:\Users\l_dsb\Downloads\USBWebserver v8.6\mysql\data\ib_logfile0
2018-05-29 18:05:57 5508 [Warning] InnoDB: New log files created, LSN=1626134
2018-05-29 18:05:57 5508 [Note] InnoDB: Highest supported file format is Barracuda.
2018-05-29 18:05:57 5508 [Note] InnoDB: 128 rollback segment(s) are active.
2018-05-29 18:05:57 5508 [Note] InnoDB: Waiting for purge to start
2018-05-29 18:05:57 5508 [Note] InnoDB: 5.6.13 started; log sequence number 1626636
2018-05-29 18:05:57 5508 [Warning] No existing UUID has been found, so we assume that this is the first time that this server has been started. Generating a new UUID: 15237aaf-6384-11e8-a673-08626699372d.
2018-05-29 18:05:57 5508 [Note] Server hostname (bind-address): '*'; port: 3307
2018-05-29 18:05:57 5508 [Note] IPv6 is available.
2018-05-29 18:05:57 5508 [Note]   - '::' resolves to '::';
2018-05-29 18:05:57 5508 [Note] Server socket created on IP: '::'.
2018-05-31 14:13:20 12440 [Note] Plugin 'FEDERATED' is disabled.
2018-05-31 14:13:20 12440 [Note] InnoDB: The InnoDB memory heap is disabled
2018-05-31 14:13:20 12440 [Note] InnoDB: Mutexes and rw_locks use Windows interlocked functions
2018-05-31 14:13:20 12440 [Note] InnoDB: Compressed tables use zlib 1.2.3
2018-05-31 14:13:20 12440 [Note] InnoDB: Not using CPU crc32 instructions
2018-05-31 14:13:20 12440 [Note] InnoDB: Initializing buffer pool, size = 128.0M
2018-05-31 14:13:20 12440 [Note] InnoDB: Completed initialization of buffer pool
2018-05-31 14:13:20 12440 [Note] InnoDB: Highest supported file format is Barracuda.
2018-05-31 14:13:20 12440 [Note] InnoDB: The log sequence numbers 1626134 and 1626134 in ibdata files do not match the log sequence number 1626646 in the ib_logfiles!
2018-05-31 14:13:20 12440 [Note] InnoDB: Database was not shutdown normally!
2018-05-31 14:13:20 12440 [Note] InnoDB: Starting crash recovery.
2018-05-31 14:13:20 12440 [Note] InnoDB: Reading tablespace information from the .ibd files...
2018-05-31 14:13:21 12440 [Note] InnoDB: Restoring possible half-written data pages 
2018-05-31 14:13:21 12440 [Note] InnoDB: from the doublewrite buffer...
2018-05-31 14:13:23 12440 [Note] InnoDB: 128 rollback segment(s) are active.
2018-05-31 14:13:23 12440 [Note] InnoDB: Waiting for purge to start
2018-05-31 14:13:23 12440 [Note] InnoDB: 5.6.13 started; log sequence number 1626646
2018-05-31 14:13:23 12440 [Note] Server hostname (bind-address): '*'; port: 3307
2018-05-31 14:13:23 12440 [Note] IPv6 is available.
2018-05-31 14:13:23 12440 [Note]   - '::' resolves to '::';
2018-05-31 14:13:23 12440 [Note] Server socket created on IP: '::'.
2018-06-01 20:51:48 8480 [Note] Plugin 'FEDERATED' is disabled.
2018-06-01 20:51:48 8480 [Note] InnoDB: The InnoDB memory heap is disabled
2018-06-01 20:51:48 8480 [Note] InnoDB: Mutexes and rw_locks use Windows interlocked functions
2018-06-01 20:51:48 8480 [Note] InnoDB: Compressed tables use zlib 1.2.3
2018-06-01 20:51:48 8480 [Note] InnoDB: Not using CPU crc32 instructions
2018-06-01 20:51:48 8480 [Note] InnoDB: Initializing buffer pool, size = 128.0M
2018-06-01 20:51:48 8480 [Note] InnoDB: Completed initialization of buffer pool
2018-06-01 20:51:48 8480 [Note] InnoDB: Highest supported file format is Barracuda.
2018-06-01 20:51:48 8480 [Note] InnoDB: The log sequence numbers 1626134 and 1626134 in ibdata files do not match the log sequence number 1684735 in the ib_logfiles!
2018-06-01 20:51:48 8480 [Note] InnoDB: Database was not shutdown normally!
2018-06-01 20:51:48 8480 [Note] InnoDB: Starting crash recovery.
2018-06-01 20:51:48 8480 [Note] InnoDB: Reading tablespace information from the .ibd files...
2018-06-01 20:51:49 8480 [Note] InnoDB: Restoring possible half-written data pages 
2018-06-01 20:51:49 8480 [Note] InnoDB: from the doublewrite buffer...
2018-06-01 20:51:51 8480 [Note] InnoDB: 128 rollback segment(s) are active.
2018-06-01 20:51:51 8480 [Note] InnoDB: Waiting for purge to start
2018-06-01 20:51:51 8480 [Note] InnoDB: 5.6.13 started; log sequence number 1684735
2018-06-01 20:51:51 8480 [Note] Server hostname (bind-address): '*'; port: 3307
2018-06-01 20:51:51 8480 [Note] IPv6 is available.
2018-06-01 20:51:51 8480 [Note]   - '::' resolves to '::';
2018-06-01 20:51:51 8480 [Note] Server socket created on IP: '::'.
2018-06-07 00:20:56 8648 [Note] Plugin 'FEDERATED' is disabled.
2018-06-07 00:20:57 8648 [Note] InnoDB: The InnoDB memory heap is disabled
2018-06-07 00:20:57 8648 [Note] InnoDB: Mutexes and rw_locks use Windows interlocked functions
2018-06-07 00:20:57 8648 [Note] InnoDB: Compressed tables use zlib 1.2.3
2018-06-07 00:20:57 8648 [Note] InnoDB: Not using CPU crc32 instructions
2018-06-07 00:20:57 8648 [Note] InnoDB: Initializing buffer pool, size = 128.0M
2018-06-07 00:20:57 8648 [Note] InnoDB: Completed initialization of buffer pool
2018-06-07 00:20:57 8648 [Note] InnoDB: Highest supported file format is Barracuda.
2018-06-07 00:20:57 8648 [Note] InnoDB: The log sequence numbers 1626134 and 1626134 in ibdata files do not match the log sequence number 1720038 in the ib_logfiles!
2018-06-07 00:20:57 8648 [Note] InnoDB: Database was not shutdown normally!
2018-06-07 00:20:57 8648 [Note] InnoDB: Starting crash recovery.
2018-06-07 00:20:57 8648 [Note] InnoDB: Reading tablespace information from the .ibd files...
2018-06-07 00:20:57 8648 [Note] InnoDB: Restoring possible half-written data pages 
2018-06-07 00:20:57 8648 [Note] InnoDB: from the doublewrite buffer...
2018-06-07 00:20:58 8648 [Note] InnoDB: 128 rollback segment(s) are active.
2018-06-07 00:20:58 8648 [Note] InnoDB: Waiting for purge to start
2018-06-07 00:20:58 8648 [Note] InnoDB: 5.6.13 started; log sequence number 1720038
2018-06-07 00:20:58 8648 [Note] Server hostname (bind-address): '*'; port: 3307
2018-06-07 00:20:58 8648 [Note] IPv6 is available.
2018-06-07 00:20:58 8648 [Note]   - '::' resolves to '::';
2018-06-07 00:20:58 8648 [Note] Server socket created on IP: '::'.
2018-06-07 00:31:26 8088 [Note] Plugin 'FEDERATED' is disabled.
2018-06-07 00:31:26 8088 [Note] InnoDB: The InnoDB memory heap is disabled
2018-06-07 00:31:26 8088 [Note] InnoDB: Mutexes and rw_locks use Windows interlocked functions
2018-06-07 00:31:26 8088 [Note] InnoDB: Compressed tables use zlib 1.2.3
2018-06-07 00:31:26 8088 [Note] InnoDB: Not using CPU crc32 instructions
2018-06-07 00:31:26 8088 [Note] InnoDB: Initializing buffer pool, size = 128.0M
2018-06-07 00:31:26 8088 [Note] InnoDB: Completed initialization of buffer pool
2018-06-07 00:31:26 8088 [Note] InnoDB: Highest supported file format is Barracuda.
2018-06-07 00:31:26 8088 [Note] InnoDB: The log sequence numbers 1626134 and 1626134 in ibdata files do not match the log sequence number 1720048 in the ib_logfiles!
2018-06-07 00:31:26 8088 [Note] InnoDB: Database was not shutdown normally!
2018-06-07 00:31:26 8088 [Note] InnoDB: Starting crash recovery.
2018-06-07 00:31:26 8088 [Note] InnoDB: Reading tablespace information from the .ibd files...
2018-06-07 00:31:26 8088 [Note] InnoDB: Restoring possible half-written data pages 
2018-06-07 00:31:26 8088 [Note] InnoDB: from the doublewrite buffer...
2018-06-07 00:31:27 8088 [Note] InnoDB: 128 rollback segment(s) are active.
2018-06-07 00:31:27 8088 [Note] InnoDB: Waiting for purge to start
2018-06-07 00:31:27 8088 [Note] InnoDB: 5.6.13 started; log sequence number 1720048
2018-06-07 00:31:27 8088 [Note] Server hostname (bind-address): '*'; port: 3307
2018-06-07 00:31:27 8088 [Note] IPv6 is available.
2018-06-07 00:31:27 8088 [Note]   - '::' resolves to '::';
2018-06-07 00:31:27 8088 [Note] Server socket created on IP: '::'.
2018-06-08 00:16:04 12948 [Note] Plugin 'FEDERATED' is disabled.
2018-06-08 00:16:04 12948 [Note] InnoDB: The InnoDB memory heap is disabled
2018-06-08 00:16:04 12948 [Note] InnoDB: Mutexes and rw_locks use Windows interlocked functions
2018-06-08 00:16:04 12948 [Note] InnoDB: Compressed tables use zlib 1.2.3
2018-06-08 00:16:04 12948 [Note] InnoDB: Not using CPU crc32 instructions
2018-06-08 00:16:04 12948 [Note] InnoDB: Initializing buffer pool, size = 128.0M
2018-06-08 00:16:04 12948 [Note] InnoDB: Completed initialization of buffer pool
2018-06-08 00:16:05 12948 [Note] InnoDB: Highest supported file format is Barracuda.
2018-06-08 00:16:05 12948 [Note] InnoDB: The log sequence numbers 1626134 and 1626134 in ibdata files do not match the log sequence number 1726566 in the ib_logfiles!
2018-06-08 00:16:05 12948 [Note] InnoDB: Database was not shutdown normally!
2018-06-08 00:16:05 12948 [Note] InnoDB: Starting crash recovery.
2018-06-08 00:16:05 12948 [Note] InnoDB: Reading tablespace information from the .ibd files...
2018-06-08 00:16:05 12948 [Note] InnoDB: Restoring possible half-written data pages 
2018-06-08 00:16:05 12948 [Note] InnoDB: from the doublewrite buffer...
2018-06-08 00:16:08 12948 [Note] InnoDB: 128 rollback segment(s) are active.
2018-06-08 00:16:08 12948 [Note] InnoDB: Waiting for purge to start
2018-06-08 00:16:08 12948 [Note] InnoDB: 5.6.13 started; log sequence number 1726566
2018-06-08 00:16:08 12948 [Note] Server hostname (bind-address): '*'; port: 3307
2018-06-08 00:16:08 12948 [Note] IPv6 is available.
2018-06-08 00:16:08 12948 [Note]   - '::' resolves to '::';
2018-06-08 00:16:08 12948 [Note] Server socket created on IP: '::'.
2018-06-08 00:57:38 11620 [Note] Plugin 'FEDERATED' is disabled.
2018-06-08 00:57:38 11620 [Note] InnoDB: The InnoDB memory heap is disabled
2018-06-08 00:57:38 11620 [Note] InnoDB: Mutexes and rw_locks use Windows interlocked functions
2018-06-08 00:57:38 11620 [Note] InnoDB: Compressed tables use zlib 1.2.3
2018-06-08 00:57:38 11620 [Note] InnoDB: Not using CPU crc32 instructions
2018-06-08 00:57:38 11620 [Note] InnoDB: Initializing buffer pool, size = 128.0M
2018-06-08 00:57:38 11620 [Note] InnoDB: Completed initialization of buffer pool
2018-06-08 00:57:38 11620 [Note] InnoDB: Highest supported file format is Barracuda.
2018-06-08 00:57:38 11620 [Note] InnoDB: The log sequence numbers 1626134 and 1626134 in ibdata files do not match the log sequence number 1726576 in the ib_logfiles!
2018-06-08 00:57:38 11620 [Note] InnoDB: Database was not shutdown normally!
2018-06-08 00:57:38 11620 [Note] InnoDB: Starting crash recovery.
2018-06-08 00:57:38 11620 [Note] InnoDB: Reading tablespace information from the .ibd files...
2018-06-08 00:57:38 11620 [Note] InnoDB: Restoring possible half-written data pages 
2018-06-08 00:57:38 11620 [Note] InnoDB: from the doublewrite buffer...
2018-06-08 00:57:38 11620 [Note] InnoDB: 128 rollback segment(s) are active.
2018-06-08 00:57:38 11620 [Note] InnoDB: Waiting for purge to start
2018-06-08 00:57:38 11620 [Note] InnoDB: 5.6.13 started; log sequence number 1726576
2018-06-08 00:57:38 11620 [Note] Server hostname (bind-address): '*'; port: 3307
2018-06-08 00:57:38 11620 [Note] IPv6 is available.
2018-06-08 00:57:38 11620 [Note]   - '::' resolves to '::';
2018-06-08 00:57:38 11620 [Note] Server socket created on IP: '::'.
2018-06-08 01:23:46 11848 [Note] Plugin 'FEDERATED' is disabled.
2018-06-08 01:23:46 11848 [Note] InnoDB: The InnoDB memory heap is disabled
2018-06-08 01:23:46 11848 [Note] InnoDB: Mutexes and rw_locks use Windows interlocked functions
2018-06-08 01:23:46 11848 [Note] InnoDB: Compressed tables use zlib 1.2.3
2018-06-08 01:23:46 11848 [Note] InnoDB: Not using CPU crc32 instructions
2018-06-08 01:23:46 11848 [Note] InnoDB: Initializing buffer pool, size = 128.0M
2018-06-08 01:23:46 11848 [Note] InnoDB: Completed initialization of buffer pool
2018-06-08 01:23:46 11848 [Note] InnoDB: Highest supported file format is Barracuda.
2018-06-08 01:23:46 11848 [Note] InnoDB: The log sequence numbers 1626134 and 1626134 in ibdata files do not match the log sequence number 1726586 in the ib_logfiles!
2018-06-08 01:23:46 11848 [Note] InnoDB: Database was not shutdown normally!
2018-06-08 01:23:46 11848 [Note] InnoDB: Starting crash recovery.
2018-06-08 01:23:46 11848 [Note] InnoDB: Reading tablespace information from the .ibd files...
2018-06-08 01:23:46 11848 [Note] InnoDB: Restoring possible half-written data pages 
2018-06-08 01:23:46 11848 [Note] InnoDB: from the doublewrite buffer...
2018-06-08 01:23:46 11848 [Note] InnoDB: 128 rollback segment(s) are active.
2018-06-08 01:23:46 11848 [Note] InnoDB: Waiting for purge to start
2018-06-08 01:23:46 11848 [Note] InnoDB: 5.6.13 started; log sequence number 1726586
2018-06-08 01:23:46 11848 [Note] Server hostname (bind-address): '*'; port: 3307
2018-06-08 01:23:46 11848 [Note] IPv6 is available.
2018-06-08 01:23:46 11848 [Note]   - '::' resolves to '::';
2018-06-08 01:23:46 11848 [Note] Server socket created on IP: '::'.
2018-06-09 00:23:14 1156 [Note] Plugin 'FEDERATED' is disabled.
2018-06-09 00:23:14 1156 [Note] InnoDB: The InnoDB memory heap is disabled
2018-06-09 00:23:14 1156 [Note] InnoDB: Mutexes and rw_locks use Windows interlocked functions
2018-06-09 00:23:14 1156 [Note] InnoDB: Compressed tables use zlib 1.2.3
2018-06-09 00:23:14 1156 [Note] InnoDB: Not using CPU crc32 instructions
2018-06-09 00:23:14 1156 [Note] InnoDB: Initializing buffer pool, size = 128.0M
2018-06-09 00:23:14 1156 [Note] InnoDB: Completed initialization of buffer pool
2018-06-09 00:23:14 1156 [Note] InnoDB: Highest supported file format is Barracuda.
2018-06-09 00:23:14 1156 [Note] InnoDB: The log sequence numbers 1626134 and 1626134 in ibdata files do not match the log sequence number 1726596 in the ib_logfiles!
2018-06-09 00:23:14 1156 [Note] InnoDB: Database was not shutdown normally!
2018-06-09 00:23:14 1156 [Note] InnoDB: Starting crash recovery.
2018-06-09 00:23:14 1156 [Note] InnoDB: Reading tablespace information from the .ibd files...
2018-06-09 00:23:14 1156 [Note] InnoDB: Restoring possible half-written data pages 
2018-06-09 00:23:14 1156 [Note] InnoDB: from the doublewrite buffer...
2018-06-09 00:23:14 1156 [Note] InnoDB: 128 rollback segment(s) are active.
2018-06-09 00:23:14 1156 [Note] InnoDB: Waiting for purge to start
2018-06-09 00:23:14 1156 [Note] InnoDB: 5.6.13 started; log sequence number 1726596
2018-06-09 00:23:14 1156 [Note] Server hostname (bind-address): '*'; port: 3307
2018-06-09 00:23:14 1156 [Note] IPv6 is available.
2018-06-09 00:23:14 1156 [Note]   - '::' resolves to '::';
2018-06-09 00:23:14 1156 [Note] Server socket created on IP: '::'.
2018-06-09 02:56:18 3164 [Note] Plugin 'FEDERATED' is disabled.
2018-06-09 02:56:18 3164 [Note] InnoDB: The InnoDB memory heap is disabled
2018-06-09 02:56:18 3164 [Note] InnoDB: Mutexes and rw_locks use Windows interlocked functions
2018-06-09 02:56:18 3164 [Note] InnoDB: Compressed tables use zlib 1.2.3
2018-06-09 02:56:18 3164 [Note] InnoDB: Not using CPU crc32 instructions
2018-06-09 02:56:18 3164 [Note] InnoDB: Initializing buffer pool, size = 128.0M
2018-06-09 02:56:18 3164 [Note] InnoDB: Completed initialization of buffer pool
2018-06-09 02:56:18 3164 [Note] InnoDB: Highest supported file format is Barracuda.
2018-06-09 02:56:18 3164 [Note] InnoDB: The log sequence numbers 1626134 and 1626134 in ibdata files do not match the log sequence number 1726606 in the ib_logfiles!
2018-06-09 02:56:18 3164 [Note] InnoDB: Database was not shutdown normally!
2018-06-09 02:56:18 3164 [Note] InnoDB: Starting crash recovery.
2018-06-09 02:56:18 3164 [Note] InnoDB: Reading tablespace information from the .ibd files...
2018-06-09 02:56:18 3164 [Note] InnoDB: Restoring possible half-written data pages 
2018-06-09 02:56:18 3164 [Note] InnoDB: from the doublewrite buffer...
2018-06-09 02:56:20 3164 [Note] InnoDB: 128 rollback segment(s) are active.
2018-06-09 02:56:20 3164 [Note] InnoDB: Waiting for purge to start
2018-06-09 02:56:20 3164 [Note] InnoDB: 5.6.13 started; log sequence number 1726606
2018-06-09 02:56:20 3164 [Note] Server hostname (bind-address): '*'; port: 3307
2018-06-09 02:56:20 3164 [Note] IPv6 is available.
2018-06-09 02:56:20 3164 [Note]   - '::' resolves to '::';
2018-06-09 02:56:20 3164 [Note] Server socket created on IP: '::'.
2018-07-14 01:01:08 5140 [Note] Plugin 'FEDERATED' is disabled.
2018-07-14 01:01:08 5140 [Note] InnoDB: The InnoDB memory heap is disabled
2018-07-14 01:01:08 5140 [Note] InnoDB: Mutexes and rw_locks use Windows interlocked functions
2018-07-14 01:01:08 5140 [Note] InnoDB: Compressed tables use zlib 1.2.3
2018-07-14 01:01:08 5140 [Note] InnoDB: Not using CPU crc32 instructions
2018-07-14 01:01:08 5140 [Note] InnoDB: Initializing buffer pool, size = 128.0M
2018-07-14 01:01:08 5140 [Note] InnoDB: Completed initialization of buffer pool
2018-07-14 01:01:08 5140 [Note] InnoDB: Highest supported file format is Barracuda.
2018-07-14 01:01:08 5140 [Note] InnoDB: The log sequence numbers 1626134 and 1626134 in ibdata files do not match the log sequence number 1726616 in the ib_logfiles!
2018-07-14 01:01:08 5140 [Note] InnoDB: Database was not shutdown normally!
2018-07-14 01:01:08 5140 [Note] InnoDB: Starting crash recovery.
2018-07-14 01:01:08 5140 [Note] InnoDB: Reading tablespace information from the .ibd files...
2018-07-14 01:01:08 5140 [Note] InnoDB: Restoring possible half-written data pages 
2018-07-14 01:01:08 5140 [Note] InnoDB: from the doublewrite buffer...
2018-07-14 01:01:09 5140 [Note] InnoDB: 128 rollback segment(s) are active.
2018-07-14 01:01:09 5140 [Note] InnoDB: Waiting for purge to start
2018-07-14 01:01:09 5140 [Note] InnoDB: 5.6.13 started; log sequence number 1726616
2018-07-14 01:01:09 5140 [Note] Server hostname (bind-address): '*'; port: 3307
2018-07-14 01:01:09 5140 [Note] IPv6 is available.
2018-07-14 01:01:09 5140 [Note]   - '::' resolves to '::';
2018-07-14 01:01:09 5140 [Note] Server socket created on IP: '::'.
2018-07-14 15:05:12 10208 [Note] Plugin 'FEDERATED' is disabled.
2018-07-14 15:05:12 10208 [Note] InnoDB: The InnoDB memory heap is disabled
2018-07-14 15:05:12 10208 [Note] InnoDB: Mutexes and rw_locks use Windows interlocked functions
2018-07-14 15:05:12 10208 [Note] InnoDB: Compressed tables use zlib 1.2.3
2018-07-14 15:05:12 10208 [Note] InnoDB: Not using CPU crc32 instructions
2018-07-14 15:05:12 10208 [Note] InnoDB: Initializing buffer pool, size = 128.0M
2018-07-14 15:05:12 10208 [Note] InnoDB: Completed initialization of buffer pool
2018-07-14 15:05:12 10208 [Note] InnoDB: Highest supported file format is Barracuda.
2018-07-14 15:05:12 10208 [Note] InnoDB: The log sequence numbers 1626134 and 1626134 in ibdata files do not match the log sequence number 2203819 in the ib_logfiles!
2018-07-14 15:05:12 10208 [Note] InnoDB: Database was not shutdown normally!
2018-07-14 15:05:12 10208 [Note] InnoDB: Starting crash recovery.
2018-07-14 15:05:12 10208 [Note] InnoDB: Reading tablespace information from the .ibd files...
2018-07-14 15:05:12 10208 [Note] InnoDB: Restoring possible half-written data pages 
2018-07-14 15:05:12 10208 [Note] InnoDB: from the doublewrite buffer...
2018-07-14 15:05:14 10208 [Note] InnoDB: 128 rollback segment(s) are active.
2018-07-14 15:05:14 10208 [Note] InnoDB: Waiting for purge to start
2018-07-14 15:05:14 10208 [Note] InnoDB: 5.6.13 started; log sequence number 2203819
2018-07-14 15:05:14 10208 [Note] Server hostname (bind-address): '*'; port: 3307
2018-07-14 15:05:14 10208 [Note] IPv6 is available.
2018-07-14 15:05:14 10208 [Note]   - '::' resolves to '::';
2018-07-14 15:05:14 10208 [Note] Server socket created on IP: '::'.
2018-07-15 17:25:16 7276 [Note] Plugin 'FEDERATED' is disabled.
2018-07-15 17:25:16 7276 [Note] InnoDB: The InnoDB memory heap is disabled
2018-07-15 17:25:16 7276 [Note] InnoDB: Mutexes and rw_locks use Windows interlocked functions
2018-07-15 17:25:16 7276 [Note] InnoDB: Compressed tables use zlib 1.2.3
2018-07-15 17:25:16 7276 [Note] InnoDB: Not using CPU crc32 instructions
2018-07-15 17:25:16 7276 [Note] InnoDB: Initializing buffer pool, size = 128.0M
2018-07-15 17:25:16 7276 [Note] InnoDB: Completed initialization of buffer pool
2018-07-15 17:25:16 7276 [Note] InnoDB: Highest supported file format is Barracuda.
2018-07-15 17:25:16 7276 [Note] InnoDB: The log sequence numbers 1626134 and 1626134 in ibdata files do not match the log sequence number 2660896 in the ib_logfiles!
2018-07-15 17:25:16 7276 [Note] InnoDB: Database was not shutdown normally!
2018-07-15 17:25:16 7276 [Note] InnoDB: Starting crash recovery.
2018-07-15 17:25:16 7276 [Note] InnoDB: Reading tablespace information from the .ibd files...
2018-07-15 17:25:16 7276 [Note] InnoDB: Restoring possible half-written data pages 
2018-07-15 17:25:16 7276 [Note] InnoDB: from the doublewrite buffer...
2018-07-15 17:25:17 7276 [Note] InnoDB: 128 rollback segment(s) are active.
2018-07-15 17:25:17 7276 [Note] InnoDB: Waiting for purge to start
2018-07-15 17:25:17 7276 [Note] InnoDB: 5.6.13 started; log sequence number 2660896
2018-07-15 17:25:17 7276 [Note] Server hostname (bind-address): '*'; port: 3307
2018-07-15 17:25:17 7276 [Note] IPv6 is available.
2018-07-15 17:25:17 7276 [Note]   - '::' resolves to '::';
2018-07-15 17:25:17 7276 [Note] Server socket created on IP: '::'.
2018-07-17 00:27:34 1236 [Note] Plugin 'FEDERATED' is disabled.
2018-07-17 00:27:34 1236 [Note] InnoDB: The InnoDB memory heap is disabled
2018-07-17 00:27:34 1236 [Note] InnoDB: Mutexes and rw_locks use Windows interlocked functions
2018-07-17 00:27:34 1236 [Note] InnoDB: Compressed tables use zlib 1.2.3
2018-07-17 00:27:34 1236 [Note] InnoDB: Not using CPU crc32 instructions
2018-07-17 00:27:34 1236 [Note] InnoDB: Initializing buffer pool, size = 128.0M
2018-07-17 00:27:34 1236 [Note] InnoDB: Completed initialization of buffer pool
2018-07-17 00:27:34 1236 [Note] InnoDB: Highest supported file format is Barracuda.
2018-07-17 00:27:34 1236 [Note] InnoDB: The log sequence numbers 1626134 and 1626134 in ibdata files do not match the log sequence number 2660906 in the ib_logfiles!
2018-07-17 00:27:34 1236 [Note] InnoDB: Database was not shutdown normally!
2018-07-17 00:27:34 1236 [Note] InnoDB: Starting crash recovery.
2018-07-17 00:27:34 1236 [Note] InnoDB: Reading tablespace information from the .ibd files...
2018-07-17 00:27:35 1236 [Note] InnoDB: Restoring possible half-written data pages 
2018-07-17 00:27:35 1236 [Note] InnoDB: from the doublewrite buffer...
2018-07-17 00:27:36 1236 [Note] InnoDB: 128 rollback segment(s) are active.
2018-07-17 00:27:36 1236 [Note] InnoDB: Waiting for purge to start
2018-07-17 00:27:36 1236 [Note] InnoDB: 5.6.13 started; log sequence number 2660906
2018-07-17 00:27:36 1236 [Note] Server hostname (bind-address): '*'; port: 3307
2018-07-17 00:27:36 1236 [Note] IPv6 is available.
2018-07-17 00:27:36 1236 [Note]   - '::' resolves to '::';
2018-07-17 00:27:36 1236 [Note] Server socket created on IP: '::'.
2018-07-17 21:07:02 6716 [Note] Plugin 'FEDERATED' is disabled.
2018-07-17 21:07:02 6716 [Note] InnoDB: The InnoDB memory heap is disabled
2018-07-17 21:07:02 6716 [Note] InnoDB: Mutexes and rw_locks use Windows interlocked functions
2018-07-17 21:07:02 6716 [Note] InnoDB: Compressed tables use zlib 1.2.3
2018-07-17 21:07:02 6716 [Note] InnoDB: Not using CPU crc32 instructions
2018-07-17 21:07:02 6716 [Note] InnoDB: Initializing buffer pool, size = 128.0M
2018-07-17 21:07:02 6716 [Note] InnoDB: Completed initialization of buffer pool
2018-07-17 21:07:02 6716 [Note] InnoDB: Highest supported file format is Barracuda.
2018-07-17 21:07:02 6716 [Note] InnoDB: The log sequence numbers 1626134 and 1626134 in ibdata files do not match the log sequence number 2996566 in the ib_logfiles!
2018-07-17 21:07:02 6716 [Note] InnoDB: Database was not shutdown normally!
2018-07-17 21:07:02 6716 [Note] InnoDB: Starting crash recovery.
2018-07-17 21:07:02 6716 [Note] InnoDB: Reading tablespace information from the .ibd files...
2018-07-17 21:07:03 6716 [Note] InnoDB: Restoring possible half-written data pages 
2018-07-17 21:07:03 6716 [Note] InnoDB: from the doublewrite buffer...
2018-07-17 21:07:04 6716 [Note] InnoDB: 128 rollback segment(s) are active.
2018-07-17 21:07:04 6716 [Note] InnoDB: Waiting for purge to start
2018-07-17 21:07:04 6716 [Note] InnoDB: 5.6.13 started; log sequence number 2996566
2018-07-17 21:07:04 6716 [Note] Server hostname (bind-address): '*'; port: 3307
2018-07-17 21:07:04 6716 [Note] IPv6 is available.
2018-07-17 21:07:04 6716 [Note]   - '::' resolves to '::';
2018-07-17 21:07:04 6716 [Note] Server socket created on IP: '::'.
2018-07-18 21:34:53 10896 [Note] Plugin 'FEDERATED' is disabled.
2018-07-18 21:34:53 10896 [Note] InnoDB: The InnoDB memory heap is disabled
2018-07-18 21:34:53 10896 [Note] InnoDB: Mutexes and rw_locks use Windows interlocked functions
2018-07-18 21:34:53 10896 [Note] InnoDB: Compressed tables use zlib 1.2.3
2018-07-18 21:34:53 10896 [Note] InnoDB: Not using CPU crc32 instructions
2018-07-18 21:34:53 10896 [Note] InnoDB: Initializing buffer pool, size = 128.0M
2018-07-18 21:34:53 10896 [Note] InnoDB: Completed initialization of buffer pool
2018-07-18 21:34:53 10896 [Note] InnoDB: Highest supported file format is Barracuda.
2018-07-18 21:34:53 10896 [Note] InnoDB: The log sequence numbers 1626134 and 1626134 in ibdata files do not match the log sequence number 2999471 in the ib_logfiles!
2018-07-18 21:34:53 10896 [Note] InnoDB: Database was not shutdown normally!
2018-07-18 21:34:53 10896 [Note] InnoDB: Starting crash recovery.
2018-07-18 21:34:53 10896 [Note] InnoDB: Reading tablespace information from the .ibd files...
2018-07-18 21:34:54 10896 [Note] InnoDB: Restoring possible half-written data pages 
2018-07-18 21:34:54 10896 [Note] InnoDB: from the doublewrite buffer...
2018-07-18 21:35:00 10896 [Note] InnoDB: 128 rollback segment(s) are active.
2018-07-18 21:35:00 10896 [Note] InnoDB: Waiting for purge to start
2018-07-18 21:35:00 10896 [Note] InnoDB: 5.6.13 started; log sequence number 2999471
2018-07-18 21:35:00 10896 [Note] Server hostname (bind-address): '*'; port: 3307
2018-07-18 21:35:00 10896 [Note] IPv6 is available.
2018-07-18 21:35:00 10896 [Note]   - '::' resolves to '::';
2018-07-18 21:35:00 10896 [Note] Server socket created on IP: '::'.
2018-07-19 16:27:28 13864 [Note] Plugin 'FEDERATED' is disabled.
2018-07-19 16:27:28 13864 [Note] InnoDB: The InnoDB memory heap is disabled
2018-07-19 16:27:28 13864 [Note] InnoDB: Mutexes and rw_locks use Windows interlocked functions
2018-07-19 16:27:28 13864 [Note] InnoDB: Compressed tables use zlib 1.2.3
2018-07-19 16:27:28 13864 [Note] InnoDB: Not using CPU crc32 instructions
2018-07-19 16:27:29 13864 [Note] InnoDB: Initializing buffer pool, size = 128.0M
2018-07-19 16:27:29 13864 [Note] InnoDB: Completed initialization of buffer pool
2018-07-19 16:27:29 13864 [Note] InnoDB: Highest supported file format is Barracuda.
2018-07-19 16:27:29 13864 [Note] InnoDB: The log sequence numbers 1626134 and 1626134 in ibdata files do not match the log sequence number 3145715 in the ib_logfiles!
2018-07-19 16:27:29 13864 [Note] InnoDB: Database was not shutdown normally!
2018-07-19 16:27:29 13864 [Note] InnoDB: Starting crash recovery.
2018-07-19 16:27:29 13864 [Note] InnoDB: Reading tablespace information from the .ibd files...
2018-07-19 16:27:29 13864 [Note] InnoDB: Restoring possible half-written data pages 
2018-07-19 16:27:29 13864 [Note] InnoDB: from the doublewrite buffer...
2018-07-19 16:27:32 13864 [Note] InnoDB: 128 rollback segment(s) are active.
2018-07-19 16:27:32 13864 [Note] InnoDB: Waiting for purge to start
2018-07-19 16:27:32 13864 [Note] InnoDB: 5.6.13 started; log sequence number 3145715
2018-07-19 16:27:32 13864 [Note] Server hostname (bind-address): '*'; port: 3307
2018-07-19 16:27:32 13864 [Note] IPv6 is available.
2018-07-19 16:27:32 13864 [Note]   - '::' resolves to '::';
2018-07-19 16:27:32 13864 [Note] Server socket created on IP: '::'.
2018-07-20 21:23:20 7060 [Note] Plugin 'FEDERATED' is disabled.
2018-07-20 21:23:20 7060 [Note] InnoDB: The InnoDB memory heap is disabled
2018-07-20 21:23:20 7060 [Note] InnoDB: Mutexes and rw_locks use Windows interlocked functions
2018-07-20 21:23:20 7060 [Note] InnoDB: Compressed tables use zlib 1.2.3
2018-07-20 21:23:20 7060 [Note] InnoDB: Not using CPU crc32 instructions
2018-07-20 21:23:20 7060 [Note] InnoDB: Initializing buffer pool, size = 128.0M
2018-07-20 21:23:21 7060 [Note] InnoDB: Completed initialization of buffer pool
2018-07-20 21:23:21 7060 [Note] InnoDB: Highest supported file format is Barracuda.
2018-07-20 21:23:21 7060 [Note] InnoDB: The log sequence numbers 1626134 and 1626134 in ibdata files do not match the log sequence number 3577561 in the ib_logfiles!
2018-07-20 21:23:21 7060 [Note] InnoDB: Database was not shutdown normally!
2018-07-20 21:23:21 7060 [Note] InnoDB: Starting crash recovery.
2018-07-20 21:23:21 7060 [Note] InnoDB: Reading tablespace information from the .ibd files...
2018-07-20 21:23:21 7060 [Note] InnoDB: Restoring possible half-written data pages 
2018-07-20 21:23:21 7060 [Note] InnoDB: from the doublewrite buffer...
2018-07-20 21:23:25 7060 [Note] InnoDB: 128 rollback segment(s) are active.
2018-07-20 21:23:25 7060 [Note] InnoDB: Waiting for purge to start
2018-07-20 21:23:25 7060 [Note] InnoDB: 5.6.13 started; log sequence number 3577561
2018-07-20 21:23:25 7060 [Note] Server hostname (bind-address): '*'; port: 3307
2018-07-20 21:23:25 7060 [Note] IPv6 is available.
2018-07-20 21:23:25 7060 [Note]   - '::' resolves to '::';
2018-07-20 21:23:25 7060 [Note] Server socket created on IP: '::'.
2018-11-15 02:08:11 1908 [Note] Plugin 'FEDERATED' is disabled.
2018-11-15 02:08:11 1908 [Note] InnoDB: The InnoDB memory heap is disabled
2018-11-15 02:08:11 1908 [Note] InnoDB: Mutexes and rw_locks use Windows interlocked functions
2018-11-15 02:08:11 1908 [Note] InnoDB: Compressed tables use zlib 1.2.3
2018-11-15 02:08:11 1908 [Note] InnoDB: Not using CPU crc32 instructions
2018-11-15 02:08:12 1908 [Note] InnoDB: Initializing buffer pool, size = 128.0M
2018-11-15 02:08:12 1908 [Note] InnoDB: Completed initialization of buffer pool
2018-11-15 02:08:12 1908 [Note] InnoDB: Highest supported file format is Barracuda.
2018-11-15 02:08:12 1908 [Note] InnoDB: The log sequence numbers 1626134 and 1626134 in ibdata files do not match the log sequence number 3770612 in the ib_logfiles!
2018-11-15 02:08:12 1908 [Note] InnoDB: Database was not shutdown normally!
2018-11-15 02:08:12 1908 [Note] InnoDB: Starting crash recovery.
2018-11-15 02:08:12 1908 [Note] InnoDB: Reading tablespace information from the .ibd files...
2018-11-15 02:08:12 1908 [Note] InnoDB: Restoring possible half-written data pages 
2018-11-15 02:08:12 1908 [Note] InnoDB: from the doublewrite buffer...
2018-11-15 02:08:15 1908 [Note] InnoDB: 128 rollback segment(s) are active.
2018-11-15 02:08:15 1908 [Note] InnoDB: Waiting for purge to start
2018-11-15 02:08:15 1908 [Note] InnoDB: 5.6.13 started; log sequence number 3770612
2018-11-15 02:08:15 1908 [Note] Server hostname (bind-address): '*'; port: 3307
2018-11-15 02:08:15 1908 [Note] IPv6 is available.
2018-11-15 02:08:15 1908 [Note]   - '::' resolves to '::';
2018-11-15 02:08:15 1908 [Note] Server socket created on IP: '::'.
2018-11-16 02:36:37 10940 [Note] Plugin 'FEDERATED' is disabled.
2018-11-16 02:36:37 10940 [Note] InnoDB: The InnoDB memory heap is disabled
2018-11-16 02:36:37 10940 [Note] InnoDB: Mutexes and rw_locks use Windows interlocked functions
2018-11-16 02:36:37 10940 [Note] InnoDB: Compressed tables use zlib 1.2.3
2018-11-16 02:36:37 10940 [Note] InnoDB: Not using CPU crc32 instructions
2018-11-16 02:36:37 10940 [Note] InnoDB: Initializing buffer pool, size = 128.0M
2018-11-16 02:36:37 10940 [Note] InnoDB: Completed initialization of buffer pool
2018-11-16 02:36:38 10940 [Note] InnoDB: Highest supported file format is Barracuda.
2018-11-16 02:36:38 10940 [Note] InnoDB: The log sequence numbers 1626134 and 1626134 in ibdata files do not match the log sequence number 3775132 in the ib_logfiles!
2018-11-16 02:36:38 10940 [Note] InnoDB: Database was not shutdown normally!
2018-11-16 02:36:38 10940 [Note] InnoDB: Starting crash recovery.
2018-11-16 02:36:38 10940 [Note] InnoDB: Reading tablespace information from the .ibd files...
2018-11-16 02:36:38 10940 [Note] InnoDB: Restoring possible half-written data pages 
2018-11-16 02:36:38 10940 [Note] InnoDB: from the doublewrite buffer...
2018-11-16 02:36:40 10940 [Note] InnoDB: 128 rollback segment(s) are active.
2018-11-16 02:36:40 10940 [Note] InnoDB: Waiting for purge to start
2018-11-16 02:36:40 10940 [Note] InnoDB: 5.6.13 started; log sequence number 3775132
2018-11-16 02:36:40 10940 [Note] Server hostname (bind-address): '*'; port: 3307
2018-11-16 02:36:40 10940 [Note] IPv6 is available.
2018-11-16 02:36:40 10940 [Note]   - '::' resolves to '::';
2018-11-16 02:36:40 10940 [Note] Server socket created on IP: '::'.
2018-11-16 02:53:58 12396 [Note] Plugin 'FEDERATED' is disabled.
2018-11-16 02:53:58 12396 [Note] InnoDB: The InnoDB memory heap is disabled
2018-11-16 02:53:58 12396 [Note] InnoDB: Mutexes and rw_locks use Windows interlocked functions
2018-11-16 02:53:58 12396 [Note] InnoDB: Compressed tables use zlib 1.2.3
2018-11-16 02:53:58 12396 [Note] InnoDB: Not using CPU crc32 instructions
2018-11-16 02:53:58 12396 [Note] InnoDB: Initializing buffer pool, size = 128.0M
2018-11-16 02:53:58 12396 [Note] InnoDB: Completed initialization of buffer pool
2018-11-16 02:53:58 12396 [Note] InnoDB: Highest supported file format is Barracuda.
2018-11-16 02:53:58 12396 [Note] InnoDB: The log sequence numbers 1626134 and 1626134 in ibdata files do not match the log sequence number 3775142 in the ib_logfiles!
2018-11-16 02:53:58 12396 [Note] InnoDB: Database was not shutdown normally!
2018-11-16 02:53:58 12396 [Note] InnoDB: Starting crash recovery.
2018-11-16 02:53:58 12396 [Note] InnoDB: Reading tablespace information from the .ibd files...
2018-11-16 02:53:58 12396 [Note] InnoDB: Restoring possible half-written data pages 
2018-11-16 02:53:58 12396 [Note] InnoDB: from the doublewrite buffer...
2018-11-16 02:53:58 12396 [Note] InnoDB: 128 rollback segment(s) are active.
2018-11-16 02:53:58 12396 [Note] InnoDB: Waiting for purge to start
2018-11-16 02:53:59 12396 [Note] InnoDB: 5.6.13 started; log sequence number 3775142
2018-11-16 02:53:59 12396 [Note] Server hostname (bind-address): '*'; port: 3307
2018-11-16 02:53:59 12396 [Note] IPv6 is available.
2018-11-16 02:53:59 12396 [Note]   - '::' resolves to '::';
2018-11-16 02:53:59 12396 [Note] Server socket created on IP: '::'.
2018-11-16 02:57:49 5888 [Note] Plugin 'FEDERATED' is disabled.
2018-11-16 02:57:49 5888 [Note] InnoDB: The InnoDB memory heap is disabled
2018-11-16 02:57:49 5888 [Note] InnoDB: Mutexes and rw_locks use Windows interlocked functions
2018-11-16 02:57:49 5888 [Note] InnoDB: Compressed tables use zlib 1.2.3
2018-11-16 02:57:49 5888 [Note] InnoDB: Not using CPU crc32 instructions
2018-11-16 02:57:49 5888 [Note] InnoDB: Initializing buffer pool, size = 128.0M
2018-11-16 02:57:49 5888 [Note] InnoDB: Completed initialization of buffer pool
2018-11-16 02:57:49 5888 [Note] InnoDB: Highest supported file format is Barracuda.
2018-11-16 02:57:49 5888 [Note] InnoDB: The log sequence numbers 1626134 and 1626134 in ibdata files do not match the log sequence number 3775152 in the ib_logfiles!
2018-11-16 02:57:49 5888 [Note] InnoDB: Database was not shutdown normally!
2018-11-16 02:57:49 5888 [Note] InnoDB: Starting crash recovery.
2018-11-16 02:57:49 5888 [Note] InnoDB: Reading tablespace information from the .ibd files...
2018-11-16 02:57:49 5888 [Note] InnoDB: Restoring possible half-written data pages 
2018-11-16 02:57:49 5888 [Note] InnoDB: from the doublewrite buffer...
2018-11-16 02:57:50 5888 [Note] InnoDB: 128 rollback segment(s) are active.
2018-11-16 02:57:50 5888 [Note] InnoDB: Waiting for purge to start
2018-11-16 02:57:50 5888 [Note] InnoDB: 5.6.13 started; log sequence number 3775152
2018-11-16 02:57:50 5888 [Note] Server hostname (bind-address): '*'; port: 3307
2018-11-16 02:57:50 5888 [Note] IPv6 is available.
2018-11-16 02:57:50 5888 [Note]   - '::' resolves to '::';
2018-11-16 02:57:50 5888 [Note] Server socket created on IP: '::'.
2018-11-16 13:58:08 3396 [Note] Plugin 'FEDERATED' is disabled.
2018-11-16 13:58:08 3396 [Note] InnoDB: The InnoDB memory heap is disabled
2018-11-16 13:58:08 3396 [Note] InnoDB: Mutexes and rw_locks use Windows interlocked functions
2018-11-16 13:58:08 3396 [Note] InnoDB: Compressed tables use zlib 1.2.3
2018-11-16 13:58:08 3396 [Note] InnoDB: Not using CPU crc32 instructions
2018-11-16 13:58:08 3396 [Note] InnoDB: Initializing buffer pool, size = 128.0M
2018-11-16 13:58:08 3396 [Note] InnoDB: Completed initialization of buffer pool
2018-11-16 13:58:09 3396 [Note] InnoDB: Highest supported file format is Barracuda.
2018-11-16 13:58:09 3396 [Note] InnoDB: The log sequence numbers 1626134 and 1626134 in ibdata files do not match the log sequence number 3775162 in the ib_logfiles!
2018-11-16 13:58:09 3396 [Note] InnoDB: Database was not shutdown normally!
2018-11-16 13:58:09 3396 [Note] InnoDB: Starting crash recovery.
2018-11-16 13:58:09 3396 [Note] InnoDB: Reading tablespace information from the .ibd files...
2018-11-16 13:58:09 3396 [Note] InnoDB: Restoring possible half-written data pages 
2018-11-16 13:58:09 3396 [Note] InnoDB: from the doublewrite buffer...
2018-11-16 13:58:09 3396 [Note] InnoDB: 128 rollback segment(s) are active.
2018-11-16 13:58:09 3396 [Note] InnoDB: Waiting for purge to start
2018-11-16 13:58:09 3396 [Note] InnoDB: 5.6.13 started; log sequence number 3775162
2018-11-16 13:58:09 3396 [Note] Server hostname (bind-address): '*'; port: 3307
2018-11-16 13:58:09 3396 [Note] IPv6 is available.
2018-11-16 13:58:09 3396 [Note]   - '::' resolves to '::';
2018-11-16 13:58:09 3396 [Note] Server socket created on IP: '::'.
2018-11-16 14:41:44 8276 [Note] Plugin 'FEDERATED' is disabled.
2018-11-16 14:41:44 8276 [Note] InnoDB: The InnoDB memory heap is disabled
2018-11-16 14:41:44 8276 [Note] InnoDB: Mutexes and rw_locks use Windows interlocked functions
2018-11-16 14:41:44 8276 [Note] InnoDB: Compressed tables use zlib 1.2.3
2018-11-16 14:41:44 8276 [Note] InnoDB: Not using CPU crc32 instructions
2018-11-16 14:41:44 8276 [Note] InnoDB: Initializing buffer pool, size = 128.0M
2018-11-16 14:41:44 8276 [Note] InnoDB: Completed initialization of buffer pool
2018-11-16 14:41:45 8276 [Note] InnoDB: Highest supported file format is Barracuda.
2018-11-16 14:41:45 8276 [Note] InnoDB: The log sequence numbers 1626134 and 1626134 in ibdata files do not match the log sequence number 3775172 in the ib_logfiles!
2018-11-16 14:41:45 8276 [Note] InnoDB: Database was not shutdown normally!
2018-11-16 14:41:45 8276 [Note] InnoDB: Starting crash recovery.
2018-11-16 14:41:45 8276 [Note] InnoDB: Reading tablespace information from the .ibd files...
2018-11-16 14:41:45 8276 [Note] InnoDB: Restoring possible half-written data pages 
2018-11-16 14:41:45 8276 [Note] InnoDB: from the doublewrite buffer...
2018-11-16 14:41:45 8276 [Note] InnoDB: 128 rollback segment(s) are active.
2018-11-16 14:41:45 8276 [Note] InnoDB: Waiting for purge to start
2018-11-16 14:41:45 8276 [Note] InnoDB: 5.6.13 started; log sequence number 3775172
2018-11-16 14:41:45 8276 [Note] Server hostname (bind-address): '*'; port: 3307
2018-11-16 14:41:45 8276 [Note] IPv6 is available.
2018-11-16 14:41:45 8276 [Note]   - '::' resolves to '::';
2018-11-16 14:41:45 8276 [Note] Server socket created on IP: '::'.
2018-11-17 01:57:45 5768 [Note] Plugin 'FEDERATED' is disabled.
2018-11-17 01:57:45 5768 [Note] InnoDB: The InnoDB memory heap is disabled
2018-11-17 01:57:45 5768 [Note] InnoDB: Mutexes and rw_locks use Windows interlocked functions
2018-11-17 01:57:45 5768 [Note] InnoDB: Compressed tables use zlib 1.2.3
2018-11-17 01:57:45 5768 [Note] InnoDB: Not using CPU crc32 instructions
2018-11-17 01:57:45 5768 [Note] InnoDB: Initializing buffer pool, size = 128.0M
2018-11-17 01:57:45 5768 [Note] InnoDB: Completed initialization of buffer pool
2018-11-17 01:57:45 5768 [Note] InnoDB: Highest supported file format is Barracuda.
2018-11-17 01:57:45 5768 [Note] InnoDB: The log sequence numbers 1626134 and 1626134 in ibdata files do not match the log sequence number 3775182 in the ib_logfiles!
2018-11-17 01:57:45 5768 [Note] InnoDB: Database was not shutdown normally!
2018-11-17 01:57:45 5768 [Note] InnoDB: Starting crash recovery.
2018-11-17 01:57:45 5768 [Note] InnoDB: Reading tablespace information from the .ibd files...
2018-11-17 01:57:46 5768 [Note] InnoDB: Restoring possible half-written data pages 
2018-11-17 01:57:46 5768 [Note] InnoDB: from the doublewrite buffer...
2018-11-17 01:57:49 5768 [Note] InnoDB: 128 rollback segment(s) are active.
2018-11-17 01:57:49 5768 [Note] InnoDB: Waiting for purge to start
2018-11-17 01:57:50 5768 [Note] InnoDB: 5.6.13 started; log sequence number 3775182
2018-11-17 01:57:50 5768 [Note] Server hostname (bind-address): '*'; port: 3307
2018-11-17 01:57:50 5768 [Note] IPv6 is available.
2018-11-17 01:57:50 5768 [Note]   - '::' resolves to '::';
2018-11-17 01:57:50 5768 [Note] Server socket created on IP: '::'.
2018-11-17 02:53:24 8000 [Note] Plugin 'FEDERATED' is disabled.
2018-11-17 02:53:24 8000 [Note] InnoDB: The InnoDB memory heap is disabled
2018-11-17 02:53:24 8000 [Note] InnoDB: Mutexes and rw_locks use Windows interlocked functions
2018-11-17 02:53:24 8000 [Note] InnoDB: Compressed tables use zlib 1.2.3
2018-11-17 02:53:24 8000 [Note] InnoDB: Not using CPU crc32 instructions
2018-11-17 02:53:24 8000 [Note] InnoDB: Initializing buffer pool, size = 128.0M
2018-11-17 02:53:24 8000 [Note] InnoDB: Completed initialization of buffer pool
2018-11-17 02:53:24 8000 [Note] InnoDB: Highest supported file format is Barracuda.
2018-11-17 02:53:24 8000 [Note] InnoDB: The log sequence numbers 1626134 and 1626134 in ibdata files do not match the log sequence number 3775192 in the ib_logfiles!
2018-11-17 02:53:24 8000 [Note] InnoDB: Database was not shutdown normally!
2018-11-17 02:53:24 8000 [Note] InnoDB: Starting crash recovery.
2018-11-17 02:53:24 8000 [Note] InnoDB: Reading tablespace information from the .ibd files...
2018-11-17 02:53:24 8000 [Note] InnoDB: Restoring possible half-written data pages 
2018-11-17 02:53:24 8000 [Note] InnoDB: from the doublewrite buffer...
2018-11-17 02:53:24 8000 [Note] InnoDB: 128 rollback segment(s) are active.
2018-11-17 02:53:24 8000 [Note] InnoDB: Waiting for purge to start
2018-11-17 02:53:24 8000 [Note] InnoDB: 5.6.13 started; log sequence number 3775192
2018-11-17 02:53:24 8000 [Note] Server hostname (bind-address): '*'; port: 3307
2018-11-17 02:53:24 8000 [Note] IPv6 is available.
2018-11-17 02:53:24 8000 [Note]   - '::' resolves to '::';
2018-11-17 02:53:24 8000 [Note] Server socket created on IP: '::'.
2018-11-17 03:07:29 4664 [Note] Plugin 'FEDERATED' is disabled.
2018-11-17 03:07:29 4664 [Note] InnoDB: The InnoDB memory heap is disabled
2018-11-17 03:07:29 4664 [Note] InnoDB: Mutexes and rw_locks use Windows interlocked functions
2018-11-17 03:07:29 4664 [Note] InnoDB: Compressed tables use zlib 1.2.3
2018-11-17 03:07:29 4664 [Note] InnoDB: Not using CPU crc32 instructions
2018-11-17 03:07:29 4664 [Note] InnoDB: Initializing buffer pool, size = 128.0M
2018-11-17 03:07:29 4664 [Note] InnoDB: Completed initialization of buffer pool
2018-11-17 03:07:29 4664 [Note] InnoDB: Highest supported file format is Barracuda.
2018-11-17 03:07:29 4664 [Note] InnoDB: The log sequence numbers 1626134 and 1626134 in ibdata files do not match the log sequence number 3775202 in the ib_logfiles!
2018-11-17 03:07:29 4664 [Note] InnoDB: Database was not shutdown normally!
2018-11-17 03:07:29 4664 [Note] InnoDB: Starting crash recovery.
2018-11-17 03:07:29 4664 [Note] InnoDB: Reading tablespace information from the .ibd files...
2018-11-17 03:07:29 4664 [Note] InnoDB: Restoring possible half-written data pages 
2018-11-17 03:07:29 4664 [Note] InnoDB: from the doublewrite buffer...
2018-11-17 03:07:30 4664 [Note] InnoDB: 128 rollback segment(s) are active.
2018-11-17 03:07:30 4664 [Note] InnoDB: Waiting for purge to start
2018-11-17 03:07:30 4664 [Note] InnoDB: 5.6.13 started; log sequence number 3775202
2018-11-17 03:07:30 4664 [Note] Server hostname (bind-address): '*'; port: 3307
2018-11-17 03:07:30 4664 [Note] IPv6 is available.
2018-11-17 03:07:30 4664 [Note]   - '::' resolves to '::';
2018-11-17 03:07:30 4664 [Note] Server socket created on IP: '::'.
2018-11-17 03:57:37 10704 [Note] Plugin 'FEDERATED' is disabled.
2018-11-17 03:57:37 10704 [Note] InnoDB: The InnoDB memory heap is disabled
2018-11-17 03:57:37 10704 [Note] InnoDB: Mutexes and rw_locks use Windows interlocked functions
2018-11-17 03:57:37 10704 [Note] InnoDB: Compressed tables use zlib 1.2.3
2018-11-17 03:57:37 10704 [Note] InnoDB: Not using CPU crc32 instructions
2018-11-17 03:57:37 10704 [Note] InnoDB: Initializing buffer pool, size = 128.0M
2018-11-17 03:57:37 10704 [Note] InnoDB: Completed initialization of buffer pool
2018-11-17 03:57:37 10704 [Note] InnoDB: Highest supported file format is Barracuda.
2018-11-17 03:57:37 10704 [Note] InnoDB: The log sequence numbers 1626134 and 1626134 in ibdata files do not match the log sequence number 3778355 in the ib_logfiles!
2018-11-17 03:57:37 10704 [Note] InnoDB: Database was not shutdown normally!
2018-11-17 03:57:37 10704 [Note] InnoDB: Starting crash recovery.
2018-11-17 03:57:37 10704 [Note] InnoDB: Reading tablespace information from the .ibd files...
2018-11-17 03:57:37 10704 [Note] InnoDB: Restoring possible half-written data pages 
2018-11-17 03:57:37 10704 [Note] InnoDB: from the doublewrite buffer...
2018-11-17 03:57:43 10704 [Note] InnoDB: 128 rollback segment(s) are active.
2018-11-17 03:57:43 10704 [Note] InnoDB: Waiting for purge to start
2018-11-17 03:57:43 10704 [Note] InnoDB: 5.6.13 started; log sequence number 3778355
2018-11-17 03:57:43 10704 [Note] Server hostname (bind-address): '*'; port: 3307
2018-11-17 03:57:43 10704 [Note] IPv6 is available.
2018-11-17 03:57:43 10704 [Note]   - '::' resolves to '::';
2018-11-17 03:57:43 10704 [Note] Server socket created on IP: '::'.
2018-11-18 02:46:44 3232 [Note] Plugin 'FEDERATED' is disabled.
2018-11-18 02:46:44 3232 [Note] InnoDB: The InnoDB memory heap is disabled
2018-11-18 02:46:44 3232 [Note] InnoDB: Mutexes and rw_locks use Windows interlocked functions
2018-11-18 02:46:44 3232 [Note] InnoDB: Compressed tables use zlib 1.2.3
2018-11-18 02:46:44 3232 [Note] InnoDB: Not using CPU crc32 instructions
2018-11-18 02:46:44 3232 [Note] InnoDB: Initializing buffer pool, size = 128.0M
2018-11-18 02:46:44 3232 [Note] InnoDB: Completed initialization of buffer pool
2018-11-18 02:46:44 3232 [Note] InnoDB: Highest supported file format is Barracuda.
2018-11-18 02:46:44 3232 [Note] InnoDB: The log sequence numbers 1626134 and 1626134 in ibdata files do not match the log sequence number 3778365 in the ib_logfiles!
2018-11-18 02:46:44 3232 [Note] InnoDB: Database was not shutdown normally!
2018-11-18 02:46:44 3232 [Note] InnoDB: Starting crash recovery.
2018-11-18 02:46:44 3232 [Note] InnoDB: Reading tablespace information from the .ibd files...
2018-11-18 02:46:44 3232 [Note] InnoDB: Restoring possible half-written data pages 
2018-11-18 02:46:44 3232 [Note] InnoDB: from the doublewrite buffer...
2018-11-18 02:46:46 3232 [Note] InnoDB: 128 rollback segment(s) are active.
2018-11-18 02:46:46 3232 [Note] InnoDB: Waiting for purge to start
2018-11-18 02:46:46 3232 [Note] InnoDB: 5.6.13 started; log sequence number 3778365
2018-11-18 02:46:46 3232 [Note] Server hostname (bind-address): '*'; port: 3307
2018-11-18 02:46:46 3232 [Note] IPv6 is available.
2018-11-18 02:46:46 3232 [Note]   - '::' resolves to '::';
2018-11-18 02:46:46 3232 [Note] Server socket created on IP: '::'.
2018-11-18 04:00:57 1780 [Note] Plugin 'FEDERATED' is disabled.
2018-11-18 04:00:57 1780 [Note] InnoDB: The InnoDB memory heap is disabled
2018-11-18 04:00:57 1780 [Note] InnoDB: Mutexes and rw_locks use Windows interlocked functions
2018-11-18 04:00:57 1780 [Note] InnoDB: Compressed tables use zlib 1.2.3
2018-11-18 04:00:57 1780 [Note] InnoDB: Not using CPU crc32 instructions
2018-11-18 04:00:57 1780 [Note] InnoDB: Initializing buffer pool, size = 128.0M
2018-11-18 04:00:57 1780 [Note] InnoDB: Completed initialization of buffer pool
2018-11-18 04:00:57 1780 [Note] InnoDB: Highest supported file format is Barracuda.
2018-11-18 04:00:57 1780 [Note] InnoDB: The log sequence numbers 1626134 and 1626134 in ibdata files do not match the log sequence number 3778375 in the ib_logfiles!
2018-11-18 04:00:57 1780 [Note] InnoDB: Database was not shutdown normally!
2018-11-18 04:00:57 1780 [Note] InnoDB: Starting crash recovery.
2018-11-18 04:00:57 1780 [Note] InnoDB: Reading tablespace information from the .ibd files...
2018-11-18 04:00:57 1780 [Note] InnoDB: Restoring possible half-written data pages 
2018-11-18 04:00:57 1780 [Note] InnoDB: from the doublewrite buffer...
2018-11-18 04:00:57 1780 [Note] InnoDB: 128 rollback segment(s) are active.
2018-11-18 04:00:57 1780 [Note] InnoDB: Waiting for purge to start
2018-11-18 04:00:57 1780 [Note] InnoDB: 5.6.13 started; log sequence number 3778375
2018-11-18 04:00:57 1780 [Note] Server hostname (bind-address): '*'; port: 3307
2018-11-18 04:00:57 1780 [Note] IPv6 is available.
2018-11-18 04:00:57 1780 [Note]   - '::' resolves to '::';
2018-11-18 04:00:57 1780 [Note] Server socket created on IP: '::'.
2018-11-18 04:02:21 10016 [Note] Plugin 'FEDERATED' is disabled.
2018-11-18 04:02:21 10016 [Note] InnoDB: The InnoDB memory heap is disabled
2018-11-18 04:02:21 10016 [Note] InnoDB: Mutexes and rw_locks use Windows interlocked functions
2018-11-18 04:02:21 10016 [Note] InnoDB: Compressed tables use zlib 1.2.3
2018-11-18 04:02:21 10016 [Note] InnoDB: Not using CPU crc32 instructions
2018-11-18 04:02:21 10016 [Note] InnoDB: Initializing buffer pool, size = 128.0M
2018-11-18 04:02:21 10016 [Note] InnoDB: Completed initialization of buffer pool
2018-11-18 04:02:21 10016 [Note] InnoDB: Highest supported file format is Barracuda.
2018-11-18 04:02:21 10016 [Note] InnoDB: The log sequence numbers 1626134 and 1626134 in ibdata files do not match the log sequence number 3778385 in the ib_logfiles!
2018-11-18 04:02:21 10016 [Note] InnoDB: Database was not shutdown normally!
2018-11-18 04:02:21 10016 [Note] InnoDB: Starting crash recovery.
2018-11-18 04:02:21 10016 [Note] InnoDB: Reading tablespace information from the .ibd files...
2018-11-18 04:02:21 10016 [Note] InnoDB: Restoring possible half-written data pages 
2018-11-18 04:02:21 10016 [Note] InnoDB: from the doublewrite buffer...
2018-11-18 04:02:21 10016 [Note] InnoDB: 128 rollback segment(s) are active.
2018-11-18 04:02:21 10016 [Note] InnoDB: Waiting for purge to start
2018-11-18 04:02:22 10016 [Note] InnoDB: 5.6.13 started; log sequence number 3778385
2018-11-18 04:02:22 10016 [Note] Server hostname (bind-address): '*'; port: 3307
2018-11-18 04:02:22 10016 [Note] IPv6 is available.
2018-11-18 04:02:22 10016 [Note]   - '::' resolves to '::';
2018-11-18 04:02:22 10016 [Note] Server socket created on IP: '::'.
2018-11-18 04:03:50 12276 [Note] Plugin 'FEDERATED' is disabled.
2018-11-18 04:03:50 12276 [Note] InnoDB: The InnoDB memory heap is disabled
2018-11-18 04:03:50 12276 [Note] InnoDB: Mutexes and rw_locks use Windows interlocked functions
2018-11-18 04:03:50 12276 [Note] InnoDB: Compressed tables use zlib 1.2.3
2018-11-18 04:03:50 12276 [Note] InnoDB: Not using CPU crc32 instructions
2018-11-18 04:03:50 12276 [Note] InnoDB: Initializing buffer pool, size = 128.0M
2018-11-18 04:03:50 12276 [Note] InnoDB: Completed initialization of buffer pool
2018-11-18 04:03:50 12276 [Note] InnoDB: Highest supported file format is Barracuda.
2018-11-18 04:03:50 12276 [Note] InnoDB: The log sequence numbers 1626134 and 1626134 in ibdata files do not match the log sequence number 3778395 in the ib_logfiles!
2018-11-18 04:03:50 12276 [Note] InnoDB: Database was not shutdown normally!
2018-11-18 04:03:50 12276 [Note] InnoDB: Starting crash recovery.
2018-11-18 04:03:50 12276 [Note] InnoDB: Reading tablespace information from the .ibd files...
2018-11-18 04:03:50 12276 [Note] InnoDB: Restoring possible half-written data pages 
2018-11-18 04:03:50 12276 [Note] InnoDB: from the doublewrite buffer...
2018-11-18 04:03:51 12276 [Note] InnoDB: 128 rollback segment(s) are active.
2018-11-18 04:03:51 12276 [Note] InnoDB: Waiting for purge to start
2018-11-18 04:03:51 12276 [Note] InnoDB: 5.6.13 started; log sequence number 3778395
2018-11-18 04:03:51 12276 [Note] Server hostname (bind-address): '*'; port: 3307
2018-11-18 04:03:51 12276 [Note] IPv6 is available.
2018-11-18 04:03:51 12276 [Note]   - '::' resolves to '::';
2018-11-18 04:03:51 12276 [Note] Server socket created on IP: '::'.
2018-11-18 04:10:12 592 [Note] Plugin 'FEDERATED' is disabled.
2018-11-18 04:10:12 592 [Note] InnoDB: The InnoDB memory heap is disabled
2018-11-18 04:10:12 592 [Note] InnoDB: Mutexes and rw_locks use Windows interlocked functions
2018-11-18 04:10:13 592 [Note] InnoDB: Compressed tables use zlib 1.2.3
2018-11-18 04:10:13 592 [Note] InnoDB: Not using CPU crc32 instructions
2018-11-18 04:10:13 592 [Note] InnoDB: Initializing buffer pool, size = 128.0M
2018-11-18 04:10:13 592 [Note] InnoDB: Completed initialization of buffer pool
2018-11-18 04:10:13 592 [Note] InnoDB: Highest supported file format is Barracuda.
2018-11-18 04:10:13 592 [Note] InnoDB: Log scan progressed past the checkpoint lsn 3778395
2018-11-18 04:10:13 592 [Note] InnoDB: Database was not shutdown normally!
2018-11-18 04:10:13 592 [Note] InnoDB: Starting crash recovery.
2018-11-18 04:10:13 592 [Note] InnoDB: Reading tablespace information from the .ibd files...
2018-11-18 04:10:13 592 [Note] InnoDB: Restoring possible half-written data pages 
2018-11-18 04:10:13 592 [Note] InnoDB: from the doublewrite buffer...
InnoDB: Doing recovery: scanned up to log sequence number 3778405
2018-11-18 04:10:13 592 [Note] InnoDB: 128 rollback segment(s) are active.
2018-11-18 04:10:13 592 [Note] InnoDB: Waiting for purge to start
2018-11-18 04:10:13 592 [Note] InnoDB: 5.6.13 started; log sequence number 3778405
2018-11-18 04:10:13 592 [Note] Server hostname (bind-address): '*'; port: 3307
2018-11-18 04:10:13 592 [Note] IPv6 is available.
2018-11-18 04:10:13 592 [Note]   - '::' resolves to '::';
2018-11-18 04:10:13 592 [Note] Server socket created on IP: '::'.
2018-11-18 04:10:46 5948 [Note] Plugin 'FEDERATED' is disabled.
2018-11-18 04:10:46 5948 [Note] InnoDB: The InnoDB memory heap is disabled
2018-11-18 04:10:46 5948 [Note] InnoDB: Mutexes and rw_locks use Windows interlocked functions
2018-11-18 04:10:46 5948 [Note] InnoDB: Compressed tables use zlib 1.2.3
2018-11-18 04:10:46 5948 [Note] InnoDB: Not using CPU crc32 instructions
2018-11-18 04:10:46 5948 [Note] InnoDB: Initializing buffer pool, size = 128.0M
2018-11-18 04:10:46 5948 [Note] InnoDB: Completed initialization of buffer pool
2018-11-18 04:10:46 5948 [Note] InnoDB: Highest supported file format is Barracuda.
2018-11-18 04:10:46 5948 [Note] InnoDB: The log sequence numbers 1626134 and 1626134 in ibdata files do not match the log sequence number 3778415 in the ib_logfiles!
2018-11-18 04:10:46 5948 [Note] InnoDB: Database was not shutdown normally!
2018-11-18 04:10:46 5948 [Note] InnoDB: Starting crash recovery.
2018-11-18 04:10:46 5948 [Note] InnoDB: Reading tablespace information from the .ibd files...
2018-11-18 04:10:46 5948 [Note] InnoDB: Restoring possible half-written data pages 
2018-11-18 04:10:46 5948 [Note] InnoDB: from the doublewrite buffer...
2018-11-18 04:10:46 5948 [Note] InnoDB: 128 rollback segment(s) are active.
2018-11-18 04:10:46 5948 [Note] InnoDB: Waiting for purge to start
2018-11-18 04:10:46 5948 [Note] InnoDB: 5.6.13 started; log sequence number 3778415
2018-11-18 04:10:46 5948 [Note] Server hostname (bind-address): '*'; port: 3307
2018-11-18 04:10:46 5948 [Note] IPv6 is available.
2018-11-18 04:10:46 5948 [Note]   - '::' resolves to '::';
2018-11-18 04:10:46 5948 [Note] Server socket created on IP: '::'.
2018-11-18 04:10:57 1968 [Note] Plugin 'FEDERATED' is disabled.
2018-11-18 04:10:57 1968 [Note] InnoDB: The InnoDB memory heap is disabled
2018-11-18 04:10:57 1968 [Note] InnoDB: Mutexes and rw_locks use Windows interlocked functions
2018-11-18 04:10:57 1968 [Note] InnoDB: Compressed tables use zlib 1.2.3
2018-11-18 04:10:57 1968 [Note] InnoDB: Not using CPU crc32 instructions
2018-11-18 04:10:57 1968 [Note] InnoDB: Initializing buffer pool, size = 128.0M
2018-11-18 04:10:57 1968 [Note] InnoDB: Completed initialization of buffer pool
2018-11-18 04:10:57 1968 [Note] InnoDB: Highest supported file format is Barracuda.
2018-11-18 04:10:57 1968 [Note] InnoDB: The log sequence numbers 1626134 and 1626134 in ibdata files do not match the log sequence number 3778425 in the ib_logfiles!
2018-11-18 04:10:57 1968 [Note] InnoDB: Database was not shutdown normally!
2018-11-18 04:10:57 1968 [Note] InnoDB: Starting crash recovery.
2018-11-18 04:10:57 1968 [Note] InnoDB: Reading tablespace information from the .ibd files...
2018-11-18 04:10:57 1968 [Note] InnoDB: Restoring possible half-written data pages 
2018-11-18 04:10:57 1968 [Note] InnoDB: from the doublewrite buffer...
2018-11-18 04:10:58 1968 [Note] InnoDB: 128 rollback segment(s) are active.
2018-11-18 04:10:58 1968 [Note] InnoDB: Waiting for purge to start
2018-11-18 04:10:58 1968 [Note] InnoDB: 5.6.13 started; log sequence number 3778425
2018-11-18 04:10:58 1968 [Note] Server hostname (bind-address): '*'; port: 3307
2018-11-18 04:10:58 1968 [Note] IPv6 is available.
2018-11-18 04:10:58 1968 [Note]   - '::' resolves to '::';
2018-11-18 04:10:58 1968 [Note] Server socket created on IP: '::'.
2018-11-18 04:11:47 10972 [Note] Plugin 'FEDERATED' is disabled.
2018-11-18 04:11:47 10972 [Note] InnoDB: The InnoDB memory heap is disabled
2018-11-18 04:11:47 10972 [Note] InnoDB: Mutexes and rw_locks use Windows interlocked functions
2018-11-18 04:11:47 10972 [Note] InnoDB: Compressed tables use zlib 1.2.3
2018-11-18 04:11:47 10972 [Note] InnoDB: Not using CPU crc32 instructions
2018-11-18 04:11:47 10972 [Note] InnoDB: Initializing buffer pool, size = 128.0M
2018-11-18 04:11:47 10972 [Note] InnoDB: Completed initialization of buffer pool
2018-11-18 04:11:47 10972 [Note] InnoDB: Highest supported file format is Barracuda.
2018-11-18 04:11:47 10972 [Note] InnoDB: Log scan progressed past the checkpoint lsn 3778425
2018-11-18 04:11:47 10972 [Note] InnoDB: Database was not shutdown normally!
2018-11-18 04:11:47 10972 [Note] InnoDB: Starting crash recovery.
2018-11-18 04:11:47 10972 [Note] InnoDB: Reading tablespace information from the .ibd files...
2018-11-18 04:11:47 10972 [Note] InnoDB: Restoring possible half-written data pages 
2018-11-18 04:11:47 10972 [Note] InnoDB: from the doublewrite buffer...
InnoDB: Doing recovery: scanned up to log sequence number 3778435
2018-11-18 04:11:47 10972 [Note] InnoDB: 128 rollback segment(s) are active.
2018-11-18 04:11:47 10972 [Note] InnoDB: Waiting for purge to start
2018-11-18 04:11:47 10972 [Note] InnoDB: 5.6.13 started; log sequence number 3778435
2018-11-18 04:11:47 10972 [Note] Server hostname (bind-address): '*'; port: 3307
2018-11-18 04:11:47 10972 [Note] IPv6 is available.
2018-11-18 04:11:47 10972 [Note]   - '::' resolves to '::';
2018-11-18 04:11:47 10972 [Note] Server socket created on IP: '::'.
2018-11-18 16:18:24 9764 [Note] Plugin 'FEDERATED' is disabled.
2018-11-18 16:18:24 9764 [Note] InnoDB: The InnoDB memory heap is disabled
2018-11-18 16:18:25 9764 [Note] InnoDB: Mutexes and rw_locks use Windows interlocked functions
2018-11-18 16:18:25 9764 [Note] InnoDB: Compressed tables use zlib 1.2.3
2018-11-18 16:18:25 9764 [Note] InnoDB: Not using CPU crc32 instructions
2018-11-18 16:18:25 9764 [Note] InnoDB: Initializing buffer pool, size = 128.0M
2018-11-18 16:18:25 9764 [Note] InnoDB: Completed initialization of buffer pool
2018-11-18 16:18:25 9764 [Note] InnoDB: Highest supported file format is Barracuda.
2018-11-18 16:18:25 9764 [Note] InnoDB: The log sequence numbers 1626134 and 1626134 in ibdata files do not match the log sequence number 3778445 in the ib_logfiles!
2018-11-18 16:18:25 9764 [Note] InnoDB: Database was not shutdown normally!
2018-11-18 16:18:25 9764 [Note] InnoDB: Starting crash recovery.
2018-11-18 16:18:25 9764 [Note] InnoDB: Reading tablespace information from the .ibd files...
2018-11-18 16:18:25 9764 [Note] InnoDB: Restoring possible half-written data pages 
2018-11-18 16:18:25 9764 [Note] InnoDB: from the doublewrite buffer...
2018-11-18 16:18:28 9764 [Note] InnoDB: 128 rollback segment(s) are active.
2018-11-18 16:18:28 9764 [Note] InnoDB: Waiting for purge to start
2018-11-18 16:18:28 9764 [Note] InnoDB: 5.6.13 started; log sequence number 3778445
2018-11-18 16:18:28 9764 [Note] Server hostname (bind-address): '*'; port: 3307
2018-11-18 16:18:28 9764 [Note] IPv6 is available.
2018-11-18 16:18:28 9764 [Note]   - '::' resolves to '::';
2018-11-18 16:18:28 9764 [Note] Server socket created on IP: '::'.
2018-11-18 16:18:55 12756 [Note] Plugin 'FEDERATED' is disabled.
2018-11-18 16:18:55 12756 [Note] InnoDB: The InnoDB memory heap is disabled
2018-11-18 16:18:55 12756 [Note] InnoDB: Mutexes and rw_locks use Windows interlocked functions
2018-11-18 16:18:55 12756 [Note] InnoDB: Compressed tables use zlib 1.2.3
2018-11-18 16:18:55 12756 [Note] InnoDB: Not using CPU crc32 instructions
2018-11-18 16:18:55 12756 [Note] InnoDB: Initializing buffer pool, size = 128.0M
2018-11-18 16:18:55 12756 [Note] InnoDB: Completed initialization of buffer pool
2018-11-18 16:18:55 12756 [Note] InnoDB: Highest supported file format is Barracuda.
2018-11-18 16:18:55 12756 [Note] InnoDB: The log sequence numbers 1626134 and 1626134 in ibdata files do not match the log sequence number 3778455 in the ib_logfiles!
2018-11-18 16:18:55 12756 [Note] InnoDB: Database was not shutdown normally!
2018-11-18 16:18:55 12756 [Note] InnoDB: Starting crash recovery.
2018-11-18 16:18:55 12756 [Note] InnoDB: Reading tablespace information from the .ibd files...
2018-11-18 16:18:55 12756 [Note] InnoDB: Restoring possible half-written data pages 
2018-11-18 16:18:55 12756 [Note] InnoDB: from the doublewrite buffer...
2018-11-18 16:18:56 12756 [Note] InnoDB: 128 rollback segment(s) are active.
2018-11-18 16:18:56 12756 [Note] InnoDB: Waiting for purge to start
2018-11-18 16:18:56 12756 [Note] InnoDB: 5.6.13 started; log sequence number 3778455
2018-11-18 16:18:56 12756 [Note] Server hostname (bind-address): '*'; port: 3307
2018-11-18 16:18:56 12756 [Note] IPv6 is available.
2018-11-18 16:18:56 12756 [Note]   - '::' resolves to '::';
2018-11-18 16:18:56 12756 [Note] Server socket created on IP: '::'.
2018-11-18 16:36:42 7216 [Note] Plugin 'FEDERATED' is disabled.
2018-11-18 16:36:42 7216 [Note] InnoDB: The InnoDB memory heap is disabled
2018-11-18 16:36:42 7216 [Note] InnoDB: Mutexes and rw_locks use Windows interlocked functions
2018-11-18 16:36:42 7216 [Note] InnoDB: Compressed tables use zlib 1.2.3
2018-11-18 16:36:42 7216 [Note] InnoDB: Not using CPU crc32 instructions
2018-11-18 16:36:42 7216 [Note] InnoDB: Initializing buffer pool, size = 128.0M
2018-11-18 16:36:42 7216 [Note] InnoDB: Completed initialization of buffer pool
2018-11-18 16:36:42 7216 [Note] InnoDB: Highest supported file format is Barracuda.
2018-11-18 16:36:42 7216 [Note] InnoDB: Log scan progressed past the checkpoint lsn 3778455
2018-11-18 16:36:42 7216 [Note] InnoDB: Database was not shutdown normally!
2018-11-18 16:36:42 7216 [Note] InnoDB: Starting crash recovery.
2018-11-18 16:36:42 7216 [Note] InnoDB: Reading tablespace information from the .ibd files...
2018-11-18 16:36:42 7216 [Note] InnoDB: Restoring possible half-written data pages 
2018-11-18 16:36:42 7216 [Note] InnoDB: from the doublewrite buffer...
InnoDB: Doing recovery: scanned up to log sequence number 3778465
2018-11-18 16:36:42 7216 [Note] InnoDB: 128 rollback segment(s) are active.
2018-11-18 16:36:42 7216 [Note] InnoDB: Waiting for purge to start
2018-11-18 16:36:43 7216 [Note] InnoDB: 5.6.13 started; log sequence number 3778465
2018-11-18 16:36:43 7216 [Note] Server hostname (bind-address): '*'; port: 3307
2018-11-18 16:36:43 7216 [Note] IPv6 is available.
2018-11-18 16:36:43 7216 [Note]   - '::' resolves to '::';
2018-11-18 16:36:43 7216 [Note] Server socket created on IP: '::'.
2018-11-19 02:55:49 10708 [Note] Plugin 'FEDERATED' is disabled.
2018-11-19 02:55:49 10708 [Note] InnoDB: The InnoDB memory heap is disabled
2018-11-19 02:55:49 10708 [Note] InnoDB: Mutexes and rw_locks use Windows interlocked functions
2018-11-19 02:55:49 10708 [Note] InnoDB: Compressed tables use zlib 1.2.3
2018-11-19 02:55:49 10708 [Note] InnoDB: Not using CPU crc32 instructions
2018-11-19 02:55:49 10708 [Note] InnoDB: Initializing buffer pool, size = 128.0M
2018-11-19 02:55:49 10708 [Note] InnoDB: Completed initialization of buffer pool
2018-11-19 02:55:49 10708 [Note] InnoDB: Highest supported file format is Barracuda.
2018-11-19 02:55:49 10708 [Note] InnoDB: The log sequence numbers 1626134 and 1626134 in ibdata files do not match the log sequence number 3778475 in the ib_logfiles!
2018-11-19 02:55:49 10708 [Note] InnoDB: Database was not shutdown normally!
2018-11-19 02:55:49 10708 [Note] InnoDB: Starting crash recovery.
2018-11-19 02:55:49 10708 [Note] InnoDB: Reading tablespace information from the .ibd files...
2018-11-19 02:55:49 10708 [Note] InnoDB: Restoring possible half-written data pages 
2018-11-19 02:55:49 10708 [Note] InnoDB: from the doublewrite buffer...
2018-11-19 02:55:50 10708 [Note] InnoDB: 128 rollback segment(s) are active.
2018-11-19 02:55:50 10708 [Note] InnoDB: Waiting for purge to start
2018-11-19 02:55:50 10708 [Note] InnoDB: 5.6.13 started; log sequence number 3778475
2018-11-19 02:55:50 10708 [Note] Server hostname (bind-address): '*'; port: 3307
2018-11-19 02:55:50 10708 [Note] IPv6 is available.
2018-11-19 02:55:50 10708 [Note]   - '::' resolves to '::';
2018-11-19 02:55:50 10708 [Note] Server socket created on IP: '::'.
2018-11-19 16:05:58 6560 [Note] Plugin 'FEDERATED' is disabled.
2018-11-19 16:05:58 6560 [Note] InnoDB: The InnoDB memory heap is disabled
2018-11-19 16:05:58 6560 [Note] InnoDB: Mutexes and rw_locks use Windows interlocked functions
2018-11-19 16:05:58 6560 [Note] InnoDB: Compressed tables use zlib 1.2.3
2018-11-19 16:05:58 6560 [Note] InnoDB: Not using CPU crc32 instructions
2018-11-19 16:05:58 6560 [Note] InnoDB: Initializing buffer pool, size = 128.0M
2018-11-19 16:05:58 6560 [Note] InnoDB: Completed initialization of buffer pool
2018-11-19 16:05:58 6560 [Note] InnoDB: Highest supported file format is Barracuda.
2018-11-19 16:05:59 6560 [Note] InnoDB: The log sequence numbers 1626134 and 1626134 in ibdata files do not match the log sequence number 3778485 in the ib_logfiles!
2018-11-19 16:05:59 6560 [Note] InnoDB: Database was not shutdown normally!
2018-11-19 16:05:59 6560 [Note] InnoDB: Starting crash recovery.
2018-11-19 16:05:59 6560 [Note] InnoDB: Reading tablespace information from the .ibd files...
2018-11-19 16:05:59 6560 [Note] InnoDB: Restoring possible half-written data pages 
2018-11-19 16:05:59 6560 [Note] InnoDB: from the doublewrite buffer...
2018-11-19 16:05:59 6560 [Note] InnoDB: 128 rollback segment(s) are active.
2018-11-19 16:05:59 6560 [Note] InnoDB: Waiting for purge to start
2018-11-19 16:06:00 6560 [Note] InnoDB: 5.6.13 started; log sequence number 3778485
2018-11-19 16:06:00 6560 [Note] Server hostname (bind-address): '*'; port: 3307
2018-11-19 16:06:00 6560 [Note] IPv6 is available.
2018-11-19 16:06:00 6560 [Note]   - '::' resolves to '::';
2018-11-19 16:06:00 6560 [Note] Server socket created on IP: '::'.
2018-11-20 15:32:47 12992 [Note] Plugin 'FEDERATED' is disabled.
2018-11-20 15:32:47 12992 [Note] InnoDB: The InnoDB memory heap is disabled
2018-11-20 15:32:47 12992 [Note] InnoDB: Mutexes and rw_locks use Windows interlocked functions
2018-11-20 15:32:47 12992 [Note] InnoDB: Compressed tables use zlib 1.2.3
2018-11-20 15:32:47 12992 [Note] InnoDB: Not using CPU crc32 instructions
2018-11-20 15:32:47 12992 [Note] InnoDB: Initializing buffer pool, size = 128.0M
2018-11-20 15:32:47 12992 [Note] InnoDB: Completed initialization of buffer pool
2018-11-20 15:32:47 12992 [Note] InnoDB: Highest supported file format is Barracuda.
2018-11-20 15:32:47 12992 [Note] InnoDB: The log sequence numbers 1626134 and 1626134 in ibdata files do not match the log sequence number 3778495 in the ib_logfiles!
2018-11-20 15:32:47 12992 [Note] InnoDB: Database was not shutdown normally!
2018-11-20 15:32:47 12992 [Note] InnoDB: Starting crash recovery.
2018-11-20 15:32:47 12992 [Note] InnoDB: Reading tablespace information from the .ibd files...
2018-11-20 15:32:48 12992 [Note] InnoDB: Restoring possible half-written data pages 
2018-11-20 15:32:48 12992 [Note] InnoDB: from the doublewrite buffer...
2018-11-20 15:32:49 12992 [Note] InnoDB: 128 rollback segment(s) are active.
2018-11-20 15:32:49 12992 [Note] InnoDB: Waiting for purge to start
2018-11-20 15:32:49 12992 [Note] InnoDB: 5.6.13 started; log sequence number 3778495
2018-11-20 15:32:49 12992 [Note] Server hostname (bind-address): '*'; port: 3307
2018-11-20 15:32:49 12992 [Note] IPv6 is available.
2018-11-20 15:32:49 12992 [Note]   - '::' resolves to '::';
2018-11-20 15:32:49 12992 [Note] Server socket created on IP: '::'.
2018-11-22 00:52:54 1320 [Note] Plugin 'FEDERATED' is disabled.
2018-11-22 00:52:54 1320 [Note] InnoDB: The InnoDB memory heap is disabled
2018-11-22 00:52:54 1320 [Note] InnoDB: Mutexes and rw_locks use Windows interlocked functions
2018-11-22 00:52:54 1320 [Note] InnoDB: Compressed tables use zlib 1.2.3
2018-11-22 00:52:54 1320 [Note] InnoDB: Not using CPU crc32 instructions
2018-11-22 00:52:54 1320 [Note] InnoDB: Initializing buffer pool, size = 128.0M
2018-11-22 00:52:54 1320 [Note] InnoDB: Completed initialization of buffer pool
2018-11-22 00:52:54 1320 [Note] InnoDB: Highest supported file format is Barracuda.
2018-11-22 00:52:54 1320 [Note] InnoDB: The log sequence numbers 1626134 and 1626134 in ibdata files do not match the log sequence number 3778505 in the ib_logfiles!
2018-11-22 00:52:54 1320 [Note] InnoDB: Database was not shutdown normally!
2018-11-22 00:52:54 1320 [Note] InnoDB: Starting crash recovery.
2018-11-22 00:52:54 1320 [Note] InnoDB: Reading tablespace information from the .ibd files...
2018-11-22 00:52:57 1320 [Note] InnoDB: Restoring possible half-written data pages 
2018-11-22 00:52:57 1320 [Note] InnoDB: from the doublewrite buffer...
2018-11-22 00:53:08 1320 [Note] InnoDB: 128 rollback segment(s) are active.
2018-11-22 00:53:08 1320 [Note] InnoDB: Waiting for purge to start
2018-11-22 00:53:09 1320 [Note] InnoDB: 5.6.13 started; log sequence number 3778505
2018-11-22 00:53:09 1320 [Note] Server hostname (bind-address): '*'; port: 3307
2018-11-22 00:53:09 1320 [Note] IPv6 is available.
2018-11-22 00:53:09 1320 [Note]   - '::' resolves to '::';
2018-11-22 00:53:09 1320 [Note] Server socket created on IP: '::'.
2018-11-22 00:53:10 1320 [Note] Event Scheduler: Loaded 0 events
2018-11-22 00:53:10 1320 [Note] C:\Users\l_dsb\Downloads\USBWebserver v8.6/mysql/bin/mysqld_usbwv8.exe: ready for connections.
Version: '5.6.13'  socket: ''  port: 3307  MySQL Community Server (GPL)
2018-11-24 02:06:00 10072 [Note] Plugin 'FEDERATED' is disabled.
2018-11-24 02:06:00 10072 [Note] InnoDB: The InnoDB memory heap is disabled
2018-11-24 02:06:00 10072 [Note] InnoDB: Mutexes and rw_locks use Windows interlocked functions
2018-11-24 02:06:00 10072 [Note] InnoDB: Compressed tables use zlib 1.2.3
2018-11-24 02:06:00 10072 [Note] InnoDB: Not using CPU crc32 instructions
2018-11-24 02:06:00 10072 [Note] InnoDB: Initializing buffer pool, size = 128.0M
2018-11-24 02:06:00 10072 [Note] InnoDB: Completed initialization of buffer pool
2018-11-24 02:06:00 10072 [Note] InnoDB: Highest supported file format is Barracuda.
2018-11-24 02:06:00 10072 [Note] InnoDB: The log sequence numbers 1626134 and 1626134 in ibdata files do not match the log sequence number 3818387 in the ib_logfiles!
2018-11-24 02:06:00 10072 [Note] InnoDB: Database was not shutdown normally!
2018-11-24 02:06:00 10072 [Note] InnoDB: Starting crash recovery.
2018-11-24 02:06:00 10072 [Note] InnoDB: Reading tablespace information from the .ibd files...
2018-11-24 02:06:01 10072 [Note] InnoDB: Restoring possible half-written data pages 
2018-11-24 02:06:01 10072 [Note] InnoDB: from the doublewrite buffer...
2018-11-24 02:06:02 10072 [Note] InnoDB: 128 rollback segment(s) are active.
2018-11-24 02:06:02 10072 [Note] InnoDB: Waiting for purge to start
2018-11-24 02:06:02 10072 [Note] InnoDB: 5.6.13 started; log sequence number 3818387
2018-11-24 02:06:03 10072 [Note] Server hostname (bind-address): '*'; port: 3307
2018-11-24 02:06:03 10072 [Note] IPv6 is available.
2018-11-24 02:06:03 10072 [Note]   - '::' resolves to '::';
2018-11-24 02:06:03 10072 [Note] Server socket created on IP: '::'.
2018-11-25 18:13:39 11244 [Note] Plugin 'FEDERATED' is disabled.
2018-11-25 18:13:39 11244 [Note] InnoDB: The InnoDB memory heap is disabled
2018-11-25 18:13:39 11244 [Note] InnoDB: Mutexes and rw_locks use Windows interlocked functions
2018-11-25 18:13:39 11244 [Note] InnoDB: Compressed tables use zlib 1.2.3
2018-11-25 18:13:39 11244 [Note] InnoDB: Not using CPU crc32 instructions
2018-11-25 18:13:39 11244 [Note] InnoDB: Initializing buffer pool, size = 128.0M
2018-11-25 18:13:39 11244 [Note] InnoDB: Completed initialization of buffer pool
2018-11-25 18:13:40 11244 [Note] InnoDB: Highest supported file format is Barracuda.
2018-11-25 18:13:40 11244 [Note] InnoDB: The log sequence numbers 1626134 and 1626134 in ibdata files do not match the log sequence number 3818397 in the ib_logfiles!
2018-11-25 18:13:40 11244 [Note] InnoDB: Database was not shutdown normally!
2018-11-25 18:13:40 11244 [Note] InnoDB: Starting crash recovery.
2018-11-25 18:13:40 11244 [Note] InnoDB: Reading tablespace information from the .ibd files...
2018-11-25 18:13:40 11244 [Note] InnoDB: Restoring possible half-written data pages 
2018-11-25 18:13:40 11244 [Note] InnoDB: from the doublewrite buffer...
2018-11-25 18:13:42 11244 [Note] InnoDB: 128 rollback segment(s) are active.
2018-11-25 18:13:42 11244 [Note] InnoDB: Waiting for purge to start
2018-11-25 18:13:42 11244 [Note] InnoDB: 5.6.13 started; log sequence number 3818397
2018-11-25 18:13:42 11244 [Note] Server hostname (bind-address): '*'; port: 3307
2018-11-25 18:13:42 11244 [Note] IPv6 is available.
2018-11-25 18:13:42 11244 [Note]   - '::' resolves to '::';
2018-11-25 18:13:42 11244 [Note] Server socket created on IP: '::'.
2018-11-26 02:13:43 12508 [Note] Plugin 'FEDERATED' is disabled.
2018-11-26 02:13:43 12508 [Note] InnoDB: The InnoDB memory heap is disabled
2018-11-26 02:13:43 12508 [Note] InnoDB: Mutexes and rw_locks use Windows interlocked functions
2018-11-26 02:13:43 12508 [Note] InnoDB: Compressed tables use zlib 1.2.3
2018-11-26 02:13:43 12508 [Note] InnoDB: Not using CPU crc32 instructions
2018-11-26 02:13:43 12508 [Note] InnoDB: Initializing buffer pool, size = 128.0M
2018-11-26 02:13:43 12508 [Note] InnoDB: Completed initialization of buffer pool
2018-11-26 02:13:43 12508 [Note] InnoDB: Highest supported file format is Barracuda.
2018-11-26 02:13:43 12508 [Note] InnoDB: The log sequence numbers 1626134 and 1626134 in ibdata files do not match the log sequence number 3839350 in the ib_logfiles!
2018-11-26 02:13:43 12508 [Note] InnoDB: Database was not shutdown normally!
2018-11-26 02:13:43 12508 [Note] InnoDB: Starting crash recovery.
2018-11-26 02:13:43 12508 [Note] InnoDB: Reading tablespace information from the .ibd files...
2018-11-26 02:13:43 12508 [Note] InnoDB: Restoring possible half-written data pages 
2018-11-26 02:13:43 12508 [Note] InnoDB: from the doublewrite buffer...
2018-11-26 02:13:43 12508 [Note] InnoDB: 128 rollback segment(s) are active.
2018-11-26 02:13:43 12508 [Note] InnoDB: Waiting for purge to start
2018-11-26 02:13:43 12508 [Note] InnoDB: 5.6.13 started; log sequence number 3839350
2018-11-26 02:13:43 12508 [Note] Server hostname (bind-address): '*'; port: 3307
2018-11-26 02:13:43 12508 [Note] IPv6 is available.
2018-11-26 02:13:43 12508 [Note]   - '::' resolves to '::';
2018-11-26 02:13:43 12508 [Note] Server socket created on IP: '::'.
2018-11-26 14:49:32 7708 [Note] Plugin 'FEDERATED' is disabled.
2018-11-26 14:49:32 7708 [Note] InnoDB: The InnoDB memory heap is disabled
2018-11-26 14:49:32 7708 [Note] InnoDB: Mutexes and rw_locks use Windows interlocked functions
2018-11-26 14:49:32 7708 [Note] InnoDB: Compressed tables use zlib 1.2.3
2018-11-26 14:49:32 7708 [Note] InnoDB: Not using CPU crc32 instructions
2018-11-26 14:49:32 7708 [Note] InnoDB: Initializing buffer pool, size = 128.0M
2018-11-26 14:49:32 7708 [Note] InnoDB: Completed initialization of buffer pool
2018-11-26 14:49:32 7708 [Note] InnoDB: Highest supported file format is Barracuda.
2018-11-26 14:49:32 7708 [Note] InnoDB: The log sequence numbers 1626134 and 1626134 in ibdata files do not match the log sequence number 3839360 in the ib_logfiles!
2018-11-26 14:49:32 7708 [Note] InnoDB: Database was not shutdown normally!
2018-11-26 14:49:32 7708 [Note] InnoDB: Starting crash recovery.
2018-11-26 14:49:32 7708 [Note] InnoDB: Reading tablespace information from the .ibd files...
2018-11-26 14:49:32 7708 [Note] InnoDB: Restoring possible half-written data pages 
2018-11-26 14:49:32 7708 [Note] InnoDB: from the doublewrite buffer...
2018-11-26 14:49:34 7708 [Note] InnoDB: 128 rollback segment(s) are active.
2018-11-26 14:49:34 7708 [Note] InnoDB: Waiting for purge to start
2018-11-26 14:49:34 7708 [Note] InnoDB: 5.6.13 started; log sequence number 3839360
2018-11-26 14:49:34 7708 [Note] Server hostname (bind-address): '*'; port: 3307
2018-11-26 14:49:34 7708 [Note] IPv6 is available.
2018-11-26 14:49:34 7708 [Note]   - '::' resolves to '::';
2018-11-26 14:49:34 7708 [Note] Server socket created on IP: '::'.
2018-11-27 00:16:07 11104 [Note] Plugin 'FEDERATED' is disabled.
2018-11-27 00:16:07 11104 [Note] InnoDB: The InnoDB memory heap is disabled
2018-11-27 00:16:07 11104 [Note] InnoDB: Mutexes and rw_locks use Windows interlocked functions
2018-11-27 00:16:07 11104 [Note] InnoDB: Compressed tables use zlib 1.2.3
2018-11-27 00:16:07 11104 [Note] InnoDB: Not using CPU crc32 instructions
2018-11-27 00:16:07 11104 [Note] InnoDB: Initializing buffer pool, size = 128.0M
2018-11-27 00:16:07 11104 [Note] InnoDB: Completed initialization of buffer pool
2018-11-27 00:16:07 11104 [Note] InnoDB: Highest supported file format is Barracuda.
2018-11-27 00:16:07 11104 [Note] InnoDB: The log sequence numbers 1626134 and 1626134 in ibdata files do not match the log sequence number 3880332 in the ib_logfiles!
2018-11-27 00:16:07 11104 [Note] InnoDB: Database was not shutdown normally!
2018-11-27 00:16:07 11104 [Note] InnoDB: Starting crash recovery.
2018-11-27 00:16:07 11104 [Note] InnoDB: Reading tablespace information from the .ibd files...
2018-11-27 00:16:08 11104 [Note] InnoDB: Restoring possible half-written data pages 
2018-11-27 00:16:08 11104 [Note] InnoDB: from the doublewrite buffer...
2018-11-27 00:16:09 11104 [Note] InnoDB: 128 rollback segment(s) are active.
2018-11-27 00:16:09 11104 [Note] InnoDB: Waiting for purge to start
2018-11-27 00:16:09 11104 [Note] InnoDB: 5.6.13 started; log sequence number 3880332
2018-11-27 00:16:09 11104 [Note] Server hostname (bind-address): '*'; port: 3307
2018-11-27 00:16:09 11104 [Note] IPv6 is available.
2018-11-27 00:16:09 11104 [Note]   - '::' resolves to '::';
2018-11-27 00:16:09 11104 [Note] Server socket created on IP: '::'.
2018-11-27 14:53:15 10828 [Note] Plugin 'FEDERATED' is disabled.
2018-11-27 14:53:15 10828 [Note] InnoDB: The InnoDB memory heap is disabled
2018-11-27 14:53:15 10828 [Note] InnoDB: Mutexes and rw_locks use Windows interlocked functions
2018-11-27 14:53:15 10828 [Note] InnoDB: Compressed tables use zlib 1.2.3
2018-11-27 14:53:15 10828 [Note] InnoDB: Not using CPU crc32 instructions
2018-11-27 14:53:15 10828 [Note] InnoDB: Initializing buffer pool, size = 128.0M
2018-11-27 14:53:15 10828 [Note] InnoDB: Completed initialization of buffer pool
2018-11-27 14:53:15 10828 [Note] InnoDB: Highest supported file format is Barracuda.
2018-11-27 14:53:16 10828 [Note] InnoDB: The log sequence numbers 1626134 and 1626134 in ibdata files do not match the log sequence number 3880623 in the ib_logfiles!
2018-11-27 14:53:16 10828 [Note] InnoDB: Database was not shutdown normally!
2018-11-27 14:53:16 10828 [Note] InnoDB: Starting crash recovery.
2018-11-27 14:53:16 10828 [Note] InnoDB: Reading tablespace information from the .ibd files...
2018-11-27 14:53:16 10828 [Note] InnoDB: Restoring possible half-written data pages 
2018-11-27 14:53:16 10828 [Note] InnoDB: from the doublewrite buffer...
2018-11-27 14:53:21 10828 [Note] InnoDB: 128 rollback segment(s) are active.
2018-11-27 14:53:21 10828 [Note] InnoDB: Waiting for purge to start
2018-11-27 14:53:22 10828 [Note] InnoDB: 5.6.13 started; log sequence number 3880623
2018-11-27 14:53:22 10828 [Note] Server hostname (bind-address): '*'; port: 3307
2018-11-27 14:53:22 10828 [Note] IPv6 is available.
2018-11-27 14:53:22 10828 [Note]   - '::' resolves to '::';
2018-11-27 14:53:22 10828 [Note] Server socket created on IP: '::'.
2018-11-27 14:54:49 11576 [Note] Plugin 'FEDERATED' is disabled.
2018-11-27 14:54:49 11576 [Note] InnoDB: The InnoDB memory heap is disabled
2018-11-27 14:54:49 11576 [Note] InnoDB: Mutexes and rw_locks use Windows interlocked functions
2018-11-27 14:54:49 11576 [Note] InnoDB: Compressed tables use zlib 1.2.3
2018-11-27 14:54:49 11576 [Note] InnoDB: Not using CPU crc32 instructions
2018-11-27 14:54:49 11576 [Note] InnoDB: Initializing buffer pool, size = 128.0M
2018-11-27 14:54:49 11576 [Note] InnoDB: Completed initialization of buffer pool
2018-11-27 14:54:49 11576 [Note] InnoDB: Highest supported file format is Barracuda.
2018-11-27 14:54:49 11576 [Note] InnoDB: The log sequence numbers 1626134 and 1626134 in ibdata files do not match the log sequence number 3880633 in the ib_logfiles!
2018-11-27 14:54:49 11576 [Note] InnoDB: Database was not shutdown normally!
2018-11-27 14:54:49 11576 [Note] InnoDB: Starting crash recovery.
2018-11-27 14:54:49 11576 [Note] InnoDB: Reading tablespace information from the .ibd files...
2018-11-27 14:54:49 11576 [Note] InnoDB: Restoring possible half-written data pages 
2018-11-27 14:54:49 11576 [Note] InnoDB: from the doublewrite buffer...
2018-11-27 14:54:50 11576 [Note] InnoDB: 128 rollback segment(s) are active.
2018-11-27 14:54:50 11576 [Note] InnoDB: Waiting for purge to start
2018-11-27 14:54:50 11576 [Note] InnoDB: 5.6.13 started; log sequence number 3880633
2018-11-27 14:54:50 11576 [Note] Server hostname (bind-address): '*'; port: 3307
2018-11-27 14:54:50 11576 [Note] IPv6 is available.
2018-11-27 14:54:50 11576 [Note]   - '::' resolves to '::';
2018-11-27 14:54:50 11576 [Note] Server socket created on IP: '::'.
